<?xml version="1.0" encoding="UTF-8"?>
<testsuite xmlns:xsi="http://www.w3.org/2001/XMLSchema-instance" xsi:noNamespaceSchemaLocation="https://maven.apache.org/surefire/maven-surefire-plugin/xsd/surefire-test-report-3.0.xsd" version="3.0" name="com.hacker.code.ApplicationTests" time="5.52" tests="1" errors="0" skipped="0" failures="0">
  <properties>
[...]
</properties>
  <testcase name="contextLoads" classname="com.hacker.code.ApplicationTests" time="0.31">
    <system-out><![CDATA[19:34:11.239 [main] INFO org.springframework.test.context.support.AnnotationConfigContextLoaderUtils -- Could not detect default configuration classes for test class [com.hacker.code.ApplicationTests]: ApplicationTests does not declare any static, non-private, non-final, nested classes annotated with @Configuration.
19:34:11.270 [main] INFO org.springframework.boot.test.context.SpringBootTestContextBootstrapper -- Found @SpringBootConfiguration com.hacker.code.Application for test class com.hacker.code.ApplicationTests

  .   ____          _            __ _ _
 /\\ / ___'_ __ _ _(_)_ __  __ _ \ \ \ \
( ( )\___ | '_ | '_| | '_ \/ _` | \ \ \ \
 \\/  ___)| |_)| | | | | || (_| |  ) ) ) )
  '  |____| .__|_| |_|_| |_\__, | / / / /
 =========|_|==============|___/=/_/_/_/
 :: Spring Boot ::                (v3.2.0)

2026-06-24T19:34:11.377+08:00  INFO 21086 --- [fund-momentum-strategy] [           main] com.hacker.code.ApplicationTests         : Starting ApplicationTests using Java 21.0.11 with PID 21086 (started by hanfugui in /Users/hanfugui/code/fund-momentum-strategy)
2026-06-24T19:34:11.378+08:00  INFO 21086 --- [fund-momentum-strategy] [           main] com.hacker.code.ApplicationTests         : No active profile set, falling back to 1 default profile: "default"
Logging initialized using 'class org.apache.ibatis.logging.stdout.StdOutImpl' adapter.
Initialization Sequence datacenterId:0 workerId:31
 _ _   |_  _ _|_. ___ _ |    _ 
| | |\/|_)(_| | |_\  |_)||_|_\ 
     /               |         
                        3.5.5 
2026-06-24T19:34:11.968+08:00  INFO 21086 --- [fund-momentum-strategy] [           main] com.hacker.code.ApplicationTests         : Started ApplicationTests in 0.664 seconds (process running for 0.938)
Creating a new SqlSession
SqlSession [org.apache.ibatis.session.defaults.DefaultSqlSession@74431b9c] was not registered for synchronization because synchronization is not active
2026-06-24T19:34:11.992+08:00  INFO 21086 --- [fund-momentum-strategy] [           main] com.zaxxer.hikari.HikariDataSource       : HikariPool-1 - Starting...
2026-06-24T19:34:12.043+08:00  INFO 21086 --- [fund-momentum-strategy] [           main] com.zaxxer.hikari.pool.HikariPool        : HikariPool-1 - Added connection com.mysql.cj.jdbc.ConnectionImpl@698f4aa
2026-06-24T19:34:12.044+08:00  INFO 21086 --- [fund-momentum-strategy] [           main] com.zaxxer.hikari.HikariDataSource       : HikariPool-1 - Start completed.
JDBC Connection [HikariProxyConnection@88226327 wrapping com.mysql.cj.jdbc.ConnectionImpl@698f4aa] will not be managed by Spring
==>  Preparing: SELECT id,fund_code,fund_name,fund_type,listed_date,status,create_time,update_time FROM fund WHERE (status = ?)
==> Parameters: 1(Integer)
<==    Columns: id, fund_code, fund_name, fund_type, listed_date, status, create_time, update_time
<==        Row: 1, 510300, 沪深300ETF华泰柏瑞, WIDE_BASE, null, 1, 2026-06-24 01:37:56, 2026-06-24 19:11:18
<==        Row: 2, 510500, 中证500ETF南方, WIDE_BASE, null, 1, 2026-06-24 01:37:56, 2026-06-24 19:14:09
<==        Row: 3, 159949, 创业板50ETF华安, WIDE_BASE, null, 1, 2026-06-24 01:37:56, 2026-06-24 19:14:47
<==        Row: 4, 588000, 科创50ETF华夏, WIDE_BASE, null, 1, 2026-06-24 01:37:56, 2026-06-24 19:15:09
<==        Row: 5, 512480, 半导体ETF, SECTOR, null, 1, 2026-06-24 01:37:56, 2026-06-24 01:37:56
<==        Row: 6, 516100, 新能源ETF, SECTOR, null, 1, 2026-06-24 01:37:56, 2026-06-24 01:37:56
<==        Row: 7, 512010, 医药ETF, SECTOR, null, 1, 2026-06-24 01:37:56, 2026-06-24 01:37:56
<==        Row: 8, 512880, 证券ETF, SECTOR, null, 1, 2026-06-24 01:37:56, 2026-06-24 01:37:56
<==        Row: 9, 512660, 军工ETF, SECTOR, null, 1, 2026-06-24 01:37:56, 2026-06-24 01:37:56
<==        Row: 10, 511010, 国债ETF, BOND, null, 1, 2026-06-24 01:37:56, 2026-06-24 01:37:56
<==        Row: 11, 518880, 黄金ETF, GOLD, null, 1, 2026-06-24 01:37:56, 2026-06-24 01:37:56
<==        Row: 12, 000852, 中证A500, WIDE_BASE, null, 1, 2026-06-24 01:37:56, 2026-06-24 12:56:14
<==        Row: 61, 159516, 半导体设备ETF国泰, SECTOR, null, 1, 2026-06-24 13:37:22, 2026-06-24 13:37:22
<==        Row: 62, 159201, 自由现金流ETF华夏, WIDE_BASE, null, 1, 2026-06-24 18:19:40, 2026-06-24 18:19:40
<==        Row: 63, 159263, 价值ETF易方达, OTHER, null, 1, 2026-06-24 18:44:07, 2026-06-24 18:44:07
<==        Row: 64, 159562, 黄金股ETF华夏, GOLD, null, 1, 2026-06-24 19:10:12, 2026-06-24 19:10:12
<==        Row: 65, 161226, 国投白银, OTHER, null, 1, 2026-06-24 19:20:20, 2026-06-24 19:20:20
<==        Row: 66, 561360, 石油ETF国泰, GOLD, null, 1, 2026-06-24 19:21:52, 2026-06-24 19:21:52
<==      Total: 18
Closing non transactional SqlSession [org.apache.ibatis.session.defaults.DefaultSqlSession@74431b9c]
Creating a new SqlSession
SqlSession [org.apache.ibatis.session.defaults.DefaultSqlSession@52657d5f] was not registered for synchronization because synchronization is not active
JDBC Connection [HikariProxyConnection@1137940831 wrapping com.mysql.cj.jdbc.ConnectionImpl@698f4aa] will not be managed by Spring
==>  Preparing: SELECT t.* FROM fund_tag t INNER JOIN fund_tag_relation r ON t.id = r.tag_id WHERE r.fund_code = ?
==> Parameters: 510300(String)
<==    Columns: id, tag_code, tag_name, color, create_time
<==        Row: 1, CORE, 核心资产, #1890ff, 2026-06-24 01:37:56
<==      Total: 1
Closing non transactional SqlSession [org.apache.ibatis.session.defaults.DefaultSqlSession@52657d5f]
Creating a new SqlSession
SqlSession [org.apache.ibatis.session.defaults.DefaultSqlSession@4bf8b77] was not registered for synchronization because synchronization is not active
JDBC Connection [HikariProxyConnection@235334787 wrapping com.mysql.cj.jdbc.ConnectionImpl@698f4aa] will not be managed by Spring
==>  Preparing: SELECT t.* FROM fund_tag t INNER JOIN fund_tag_relation r ON t.id = r.tag_id WHERE r.fund_code = ?
==> Parameters: 510500(String)
<==    Columns: id, tag_code, tag_name, color, create_time
<==        Row: 1, CORE, 核心资产, #1890ff, 2026-06-24 01:37:56
<==      Total: 1
Closing non transactional SqlSession [org.apache.ibatis.session.defaults.DefaultSqlSession@4bf8b77]
Creating a new SqlSession
SqlSession [org.apache.ibatis.session.defaults.DefaultSqlSession@410382cb] was not registered for synchronization because synchronization is not active
JDBC Connection [HikariProxyConnection@966745519 wrapping com.mysql.cj.jdbc.ConnectionImpl@698f4aa] will not be managed by Spring
==>  Preparing: SELECT t.* FROM fund_tag t INNER JOIN fund_tag_relation r ON t.id = r.tag_id WHERE r.fund_code = ?
==> Parameters: 159949(String)
<==    Columns: id, tag_code, tag_name, color, create_time
<==        Row: 1, CORE, 核心资产, #1890ff, 2026-06-24 01:37:56
<==      Total: 1
Closing non transactional SqlSession [org.apache.ibatis.session.defaults.DefaultSqlSession@410382cb]
Creating a new SqlSession
SqlSession [org.apache.ibatis.session.defaults.DefaultSqlSession@29f3185c] was not registered for synchronization because synchronization is not active
JDBC Connection [HikariProxyConnection@1958462067 wrapping com.mysql.cj.jdbc.ConnectionImpl@698f4aa] will not be managed by Spring
==>  Preparing: SELECT t.* FROM fund_tag t INNER JOIN fund_tag_relation r ON t.id = r.tag_id WHERE r.fund_code = ?
==> Parameters: 588000(String)
<==    Columns: id, tag_code, tag_name, color, create_time
<==        Row: 1, CORE, 核心资产, #1890ff, 2026-06-24 01:37:56
<==      Total: 1
Closing non transactional SqlSession [org.apache.ibatis.session.defaults.DefaultSqlSession@29f3185c]
Creating a new SqlSession
SqlSession [org.apache.ibatis.session.defaults.DefaultSqlSession@118fbaf0] was not registered for synchronization because synchronization is not active
JDBC Connection [HikariProxyConnection@546271589 wrapping com.mysql.cj.jdbc.ConnectionImpl@698f4aa] will not be managed by Spring
==>  Preparing: SELECT t.* FROM fund_tag t INNER JOIN fund_tag_relation r ON t.id = r.tag_id WHERE r.fund_code = ?
==> Parameters: 512480(String)
<==      Total: 0
Closing non transactional SqlSession [org.apache.ibatis.session.defaults.DefaultSqlSession@118fbaf0]
Creating a new SqlSession
SqlSession [org.apache.ibatis.session.defaults.DefaultSqlSession@693f2c89] was not registered for synchronization because synchronization is not active
JDBC Connection [HikariProxyConnection@84624228 wrapping com.mysql.cj.jdbc.ConnectionImpl@698f4aa] will not be managed by Spring
==>  Preparing: SELECT t.* FROM fund_tag t INNER JOIN fund_tag_relation r ON t.id = r.tag_id WHERE r.fund_code = ?
==> Parameters: 516100(String)
<==      Total: 0
Closing non transactional SqlSession [org.apache.ibatis.session.defaults.DefaultSqlSession@693f2c89]
Creating a new SqlSession
SqlSession [org.apache.ibatis.session.defaults.DefaultSqlSession@38054d01] was not registered for synchronization because synchronization is not active
JDBC Connection [HikariProxyConnection@684619244 wrapping com.mysql.cj.jdbc.ConnectionImpl@698f4aa] will not be managed by Spring
==>  Preparing: SELECT t.* FROM fund_tag t INNER JOIN fund_tag_relation r ON t.id = r.tag_id WHERE r.fund_code = ?
==> Parameters: 512010(String)
<==      Total: 0
Closing non transactional SqlSession [org.apache.ibatis.session.defaults.DefaultSqlSession@38054d01]
Creating a new SqlSession
SqlSession [org.apache.ibatis.session.defaults.DefaultSqlSession@9dc782d] was not registered for synchronization because synchronization is not active
JDBC Connection [HikariProxyConnection@463688018 wrapping com.mysql.cj.jdbc.ConnectionImpl@698f4aa] will not be managed by Spring
==>  Preparing: SELECT t.* FROM fund_tag t INNER JOIN fund_tag_relation r ON t.id = r.tag_id WHERE r.fund_code = ?
==> Parameters: 512880(String)
<==      Total: 0
Closing non transactional SqlSession [org.apache.ibatis.session.defaults.DefaultSqlSession@9dc782d]
Creating a new SqlSession
SqlSession [org.apache.ibatis.session.defaults.DefaultSqlSession@3ff8a3ad] was not registered for synchronization because synchronization is not active
JDBC Connection [HikariProxyConnection@1427089775 wrapping com.mysql.cj.jdbc.ConnectionImpl@698f4aa] will not be managed by Spring
==>  Preparing: SELECT t.* FROM fund_tag t INNER JOIN fund_tag_relation r ON t.id = r.tag_id WHERE r.fund_code = ?
==> Parameters: 512660(String)
<==      Total: 0
Closing non transactional SqlSession [org.apache.ibatis.session.defaults.DefaultSqlSession@3ff8a3ad]
Creating a new SqlSession
SqlSession [org.apache.ibatis.session.defaults.DefaultSqlSession@5d01b0d8] was not registered for synchronization because synchronization is not active
JDBC Connection [HikariProxyConnection@656311582 wrapping com.mysql.cj.jdbc.ConnectionImpl@698f4aa] will not be managed by Spring
==>  Preparing: SELECT t.* FROM fund_tag t INNER JOIN fund_tag_relation r ON t.id = r.tag_id WHERE r.fund_code = ?
==> Parameters: 511010(String)
<==    Columns: id, tag_code, tag_name, color, create_time
<==        Row: 6, BOND_LIKE, 债性, #13c2c2, 2026-06-24 01:37:56
<==      Total: 1
Closing non transactional SqlSession [org.apache.ibatis.session.defaults.DefaultSqlSession@5d01b0d8]
Creating a new SqlSession
SqlSession [org.apache.ibatis.session.defaults.DefaultSqlSession@61e14b53] was not registered for synchronization because synchronization is not active
JDBC Connection [HikariProxyConnection@834056391 wrapping com.mysql.cj.jdbc.ConnectionImpl@698f4aa] will not be managed by Spring
==>  Preparing: SELECT t.* FROM fund_tag t INNER JOIN fund_tag_relation r ON t.id = r.tag_id WHERE r.fund_code = ?
==> Parameters: 518880(String)
<==    Columns: id, tag_code, tag_name, color, create_time
<==        Row: 21, PRODUCT, 商品, #165692, 2026-06-24 19:09:20
<==      Total: 1
Closing non transactional SqlSession [org.apache.ibatis.session.defaults.DefaultSqlSession@61e14b53]
Creating a new SqlSession
SqlSession [org.apache.ibatis.session.defaults.DefaultSqlSession@7d1cb59f] was not registered for synchronization because synchronization is not active
JDBC Connection [HikariProxyConnection@382522044 wrapping com.mysql.cj.jdbc.ConnectionImpl@698f4aa] will not be managed by Spring
==>  Preparing: SELECT t.* FROM fund_tag t INNER JOIN fund_tag_relation r ON t.id = r.tag_id WHERE r.fund_code = ?
==> Parameters: 000852(String)
<==    Columns: id, tag_code, tag_name, color, create_time
<==        Row: 1, CORE, 核心资产, #1890ff, 2026-06-24 01:37:56
<==        Row: 19, BASIC, 大盘基准, #3c5268, 2026-06-24 12:55:41
<==      Total: 2
Closing non transactional SqlSession [org.apache.ibatis.session.defaults.DefaultSqlSession@7d1cb59f]
Creating a new SqlSession
SqlSession [org.apache.ibatis.session.defaults.DefaultSqlSession@6f7a20da] was not registered for synchronization because synchronization is not active
JDBC Connection [HikariProxyConnection@2001912039 wrapping com.mysql.cj.jdbc.ConnectionImpl@698f4aa] will not be managed by Spring
==>  Preparing: SELECT t.* FROM fund_tag t INNER JOIN fund_tag_relation r ON t.id = r.tag_id WHERE r.fund_code = ?
==> Parameters: 159516(String)
<==    Columns: id, tag_code, tag_name, color, create_time
<==        Row: 20, BANDAOTI, 半导体, #1890ff, 2026-06-24 13:37:33
<==      Total: 1
Closing non transactional SqlSession [org.apache.ibatis.session.defaults.DefaultSqlSession@6f7a20da]
Creating a new SqlSession
SqlSession [org.apache.ibatis.session.defaults.DefaultSqlSession@5613247e] was not registered for synchronization because synchronization is not active
JDBC Connection [HikariProxyConnection@1750184598 wrapping com.mysql.cj.jdbc.ConnectionImpl@698f4aa] will not be managed by Spring
==>  Preparing: SELECT t.* FROM fund_tag t INNER JOIN fund_tag_relation r ON t.id = r.tag_id WHERE r.fund_code = ?
==> Parameters: 159201(String)
<==    Columns: id, tag_code, tag_name, color, create_time
<==        Row: 4, DEFENSE, 防御, #faad14, 2026-06-24 01:37:56
<==      Total: 1
Closing non transactional SqlSession [org.apache.ibatis.session.defaults.DefaultSqlSession@5613247e]
Creating a new SqlSession
SqlSession [org.apache.ibatis.session.defaults.DefaultSqlSession@5368e981] was not registered for synchronization because synchronization is not active
JDBC Connection [HikariProxyConnection@471275334 wrapping com.mysql.cj.jdbc.ConnectionImpl@698f4aa] will not be managed by Spring
==>  Preparing: SELECT t.* FROM fund_tag t INNER JOIN fund_tag_relation r ON t.id = r.tag_id WHERE r.fund_code = ?
==> Parameters: 159263(String)
<==    Columns: id, tag_code, tag_name, color, create_time
<==        Row: 4, DEFENSE, 防御, #faad14, 2026-06-24 01:37:56
<==      Total: 1
Closing non transactional SqlSession [org.apache.ibatis.session.defaults.DefaultSqlSession@5368e981]
Creating a new SqlSession
SqlSession [org.apache.ibatis.session.defaults.DefaultSqlSession@586737ff] was not registered for synchronization because synchronization is not active
JDBC Connection [HikariProxyConnection@1289218451 wrapping com.mysql.cj.jdbc.ConnectionImpl@698f4aa] will not be managed by Spring
==>  Preparing: SELECT t.* FROM fund_tag t INNER JOIN fund_tag_relation r ON t.id = r.tag_id WHERE r.fund_code = ?
==> Parameters: 159562(String)
<==    Columns: id, tag_code, tag_name, color, create_time
<==        Row: 21, PRODUCT, 商品, #165692, 2026-06-24 19:09:20
<==      Total: 1
Closing non transactional SqlSession [org.apache.ibatis.session.defaults.DefaultSqlSession@586737ff]
Creating a new SqlSession
SqlSession [org.apache.ibatis.session.defaults.DefaultSqlSession@2fb48970] was not registered for synchronization because synchronization is not active
JDBC Connection [HikariProxyConnection@1317903286 wrapping com.mysql.cj.jdbc.ConnectionImpl@698f4aa] will not be managed by Spring
==>  Preparing: SELECT t.* FROM fund_tag t INNER JOIN fund_tag_relation r ON t.id = r.tag_id WHERE r.fund_code = ?
==> Parameters: 161226(String)
<==    Columns: id, tag_code, tag_name, color, create_time
<==        Row: 21, PRODUCT, 商品, #165692, 2026-06-24 19:09:20
<==      Total: 1
Closing non transactional SqlSession [org.apache.ibatis.session.defaults.DefaultSqlSession@2fb48970]
Creating a new SqlSession
SqlSession [org.apache.ibatis.session.defaults.DefaultSqlSession@2673487b] was not registered for synchronization because synchronization is not active
JDBC Connection [HikariProxyConnection@755477196 wrapping com.mysql.cj.jdbc.ConnectionImpl@698f4aa] will not be managed by Spring
==>  Preparing: SELECT t.* FROM fund_tag t INNER JOIN fund_tag_relation r ON t.id = r.tag_id WHERE r.fund_code = ?
==> Parameters: 561360(String)
<==    Columns: id, tag_code, tag_name, color, create_time
<==        Row: 21, PRODUCT, 商品, #165692, 2026-06-24 19:09:20
<==      Total: 1
Closing non transactional SqlSession [org.apache.ibatis.session.defaults.DefaultSqlSession@2673487b]
2026-06-24T19:34:12.376+08:00 ERROR 21086 --- [fund-momentum-strategy] [           main] c.h.c.i.e.e.EastMoneyKlineNavFetcher     : Failed to fetch history NAV from EastMoney for 510300: I/O error on GET request for "https://push2his.eastmoney.com/api/qt/stock/kline/get": Unexpected end of file from server
2026-06-24T19:34:12.376+08:00  WARN 21086 --- [fund-momentum-strategy] [           main] c.h.c.i.e.CompositeNavDataFetcher        : EastMoney 获取 510300 历史净值失败，回退到新浪最新行情
Creating a new SqlSession
SqlSession [org.apache.ibatis.session.defaults.DefaultSqlSession@64d93096] was not registered for synchronization because synchronization is not active
JDBC Connection [HikariProxyConnection@1995273587 wrapping com.mysql.cj.jdbc.ConnectionImpl@698f4aa] will not be managed by Spring
==>  Preparing: SELECT COUNT( * ) AS total FROM fund_nav WHERE (fund_code = ? AND nav_date = ?)
==> Parameters: 510300(String), 2026-06-24(LocalDate)
<==    Columns: total
<==        Row: 1
<==      Total: 1
Closing non transactional SqlSession [org.apache.ibatis.session.defaults.DefaultSqlSession@64d93096]
2026-06-24T19:34:12.429+08:00  INFO 21086 --- [fund-momentum-strategy] [           main] c.h.c.a.service.FundDataSyncAppService   : Synced 0 records for 510300
2026-06-24T19:34:12.620+08:00 ERROR 21086 --- [fund-momentum-strategy] [           main] c.h.c.i.e.e.EastMoneyKlineNavFetcher     : Failed to fetch history NAV from EastMoney for 510500: I/O error on GET request for "https://push2his.eastmoney.com/api/qt/stock/kline/get": Unexpected end of file from server
2026-06-24T19:34:12.620+08:00  WARN 21086 --- [fund-momentum-strategy] [           main] c.h.c.i.e.CompositeNavDataFetcher        : EastMoney 获取 510500 历史净值失败，回退到新浪最新行情
Creating a new SqlSession
SqlSession [org.apache.ibatis.session.defaults.DefaultSqlSession@1ea96ff2] was not registered for synchronization because synchronization is not active
JDBC Connection [HikariProxyConnection@1621729085 wrapping com.mysql.cj.jdbc.ConnectionImpl@698f4aa] will not be managed by Spring
==>  Preparing: SELECT COUNT( * ) AS total FROM fund_nav WHERE (fund_code = ? AND nav_date = ?)
==> Parameters: 510500(String), 2026-06-24(LocalDate)
<==    Columns: total
<==        Row: 1
<==      Total: 1
Closing non transactional SqlSession [org.apache.ibatis.session.defaults.DefaultSqlSession@1ea96ff2]
2026-06-24T19:34:12.632+08:00  INFO 21086 --- [fund-momentum-strategy] [           main] c.h.c.a.service.FundDataSyncAppService   : Synced 0 records for 510500
2026-06-24T19:34:13.058+08:00 ERROR 21086 --- [fund-momentum-strategy] [           main] c.h.c.i.e.e.EastMoneyKlineNavFetcher     : Failed to fetch history NAV from EastMoney for 159949: I/O error on GET request for "https://push2his.eastmoney.com/api/qt/stock/kline/get": Unexpected end of file from server
2026-06-24T19:34:13.058+08:00  WARN 21086 --- [fund-momentum-strategy] [           main] c.h.c.i.e.CompositeNavDataFetcher        : EastMoney 获取 159949 历史净值失败，回退到新浪最新行情
Creating a new SqlSession
SqlSession [org.apache.ibatis.session.defaults.DefaultSqlSession@2cff03cf] was not registered for synchronization because synchronization is not active
JDBC Connection [HikariProxyConnection@153416689 wrapping com.mysql.cj.jdbc.ConnectionImpl@698f4aa] will not be managed by Spring
==>  Preparing: SELECT COUNT( * ) AS total FROM fund_nav WHERE (fund_code = ? AND nav_date = ?)
==> Parameters: 159949(String), 2026-06-24(LocalDate)
<==    Columns: total
<==        Row: 1
<==      Total: 1
Closing non transactional SqlSession [org.apache.ibatis.session.defaults.DefaultSqlSession@2cff03cf]
2026-06-24T19:34:13.099+08:00  INFO 21086 --- [fund-momentum-strategy] [           main] c.h.c.a.service.FundDataSyncAppService   : Synced 0 records for 159949
2026-06-24T19:34:13.338+08:00 ERROR 21086 --- [fund-momentum-strategy] [           main] c.h.c.i.e.e.EastMoneyKlineNavFetcher     : Failed to fetch history NAV from EastMoney for 588000: I/O error on GET request for "https://push2his.eastmoney.com/api/qt/stock/kline/get": Unexpected end of file from server
2026-06-24T19:34:13.339+08:00  WARN 21086 --- [fund-momentum-strategy] [           main] c.h.c.i.e.CompositeNavDataFetcher        : EastMoney 获取 588000 历史净值失败，回退到新浪最新行情
Creating a new SqlSession
SqlSession [org.apache.ibatis.session.defaults.DefaultSqlSession@6eb5b9e7] was not registered for synchronization because synchronization is not active
JDBC Connection [HikariProxyConnection@2011639997 wrapping com.mysql.cj.jdbc.ConnectionImpl@698f4aa] will not be managed by Spring
==>  Preparing: SELECT COUNT( * ) AS total FROM fund_nav WHERE (fund_code = ? AND nav_date = ?)
==> Parameters: 588000(String), 2026-06-24(LocalDate)
<==    Columns: total
<==        Row: 1
<==      Total: 1
Closing non transactional SqlSession [org.apache.ibatis.session.defaults.DefaultSqlSession@6eb5b9e7]
2026-06-24T19:34:13.351+08:00  INFO 21086 --- [fund-momentum-strategy] [           main] c.h.c.a.service.FundDataSyncAppService   : Synced 0 records for 588000
2026-06-24T19:34:13.555+08:00 ERROR 21086 --- [fund-momentum-strategy] [           main] c.h.c.i.e.e.EastMoneyKlineNavFetcher     : Failed to fetch history NAV from EastMoney for 512480: I/O error on GET request for "https://push2his.eastmoney.com/api/qt/stock/kline/get": Unexpected end of file from server
2026-06-24T19:34:13.555+08:00  WARN 21086 --- [fund-momentum-strategy] [           main] c.h.c.i.e.CompositeNavDataFetcher        : EastMoney 获取 512480 历史净值失败，回退到新浪最新行情
Creating a new SqlSession
SqlSession [org.apache.ibatis.session.defaults.DefaultSqlSession@673a9db4] was not registered for synchronization because synchronization is not active
JDBC Connection [HikariProxyConnection@406780058 wrapping com.mysql.cj.jdbc.ConnectionImpl@698f4aa] will not be managed by Spring
==>  Preparing: SELECT COUNT( * ) AS total FROM fund_nav WHERE (fund_code = ? AND nav_date = ?)
==> Parameters: 512480(String), 2026-06-24(LocalDate)
<==    Columns: total
<==        Row: 1
<==      Total: 1
Closing non transactional SqlSession [org.apache.ibatis.session.defaults.DefaultSqlSession@673a9db4]
2026-06-24T19:34:13.568+08:00  INFO 21086 --- [fund-momentum-strategy] [           main] c.h.c.a.service.FundDataSyncAppService   : Synced 0 records for 512480
2026-06-24T19:34:13.765+08:00 ERROR 21086 --- [fund-momentum-strategy] [           main] c.h.c.i.e.e.EastMoneyKlineNavFetcher     : Failed to fetch history NAV from EastMoney for 516100: I/O error on GET request for "https://push2his.eastmoney.com/api/qt/stock/kline/get": Unexpected end of file from server
2026-06-24T19:34:13.765+08:00  WARN 21086 --- [fund-momentum-strategy] [           main] c.h.c.i.e.CompositeNavDataFetcher        : EastMoney 获取 516100 历史净值失败，回退到新浪最新行情
Creating a new SqlSession
SqlSession [org.apache.ibatis.session.defaults.DefaultSqlSession@4b7e4d14] was not registered for synchronization because synchronization is not active
JDBC Connection [HikariProxyConnection@1895373539 wrapping com.mysql.cj.jdbc.ConnectionImpl@698f4aa] will not be managed by Spring
==>  Preparing: SELECT COUNT( * ) AS total FROM fund_nav WHERE (fund_code = ? AND nav_date = ?)
==> Parameters: 516100(String), 2026-06-24(LocalDate)
<==    Columns: total
<==        Row: 1
<==      Total: 1
Closing non transactional SqlSession [org.apache.ibatis.session.defaults.DefaultSqlSession@4b7e4d14]
2026-06-24T19:34:13.779+08:00  INFO 21086 --- [fund-momentum-strategy] [           main] c.h.c.a.service.FundDataSyncAppService   : Synced 0 records for 516100
2026-06-24T19:34:13.974+08:00 ERROR 21086 --- [fund-momentum-strategy] [           main] c.h.c.i.e.e.EastMoneyKlineNavFetcher     : Failed to fetch history NAV from EastMoney for 512010: I/O error on GET request for "https://push2his.eastmoney.com/api/qt/stock/kline/get": Unexpected end of file from server
2026-06-24T19:34:13.974+08:00  WARN 21086 --- [fund-momentum-strategy] [           main] c.h.c.i.e.CompositeNavDataFetcher        : EastMoney 获取 512010 历史净值失败，回退到新浪最新行情
Creating a new SqlSession
SqlSession [org.apache.ibatis.session.defaults.DefaultSqlSession@5e05a706] was not registered for synchronization because synchronization is not active
JDBC Connection [HikariProxyConnection@2016530858 wrapping com.mysql.cj.jdbc.ConnectionImpl@698f4aa] will not be managed by Spring
==>  Preparing: SELECT COUNT( * ) AS total FROM fund_nav WHERE (fund_code = ? AND nav_date = ?)
==> Parameters: 512010(String), 2026-06-24(LocalDate)
<==    Columns: total
<==        Row: 1
<==      Total: 1
Closing non transactional SqlSession [org.apache.ibatis.session.defaults.DefaultSqlSession@5e05a706]
2026-06-24T19:34:13.987+08:00  INFO 21086 --- [fund-momentum-strategy] [           main] c.h.c.a.service.FundDataSyncAppService   : Synced 0 records for 512010
2026-06-24T19:34:14.189+08:00 ERROR 21086 --- [fund-momentum-strategy] [           main] c.h.c.i.e.e.EastMoneyKlineNavFetcher     : Failed to fetch history NAV from EastMoney for 512880: I/O error on GET request for "https://push2his.eastmoney.com/api/qt/stock/kline/get": Unexpected end of file from server
2026-06-24T19:34:14.189+08:00  WARN 21086 --- [fund-momentum-strategy] [           main] c.h.c.i.e.CompositeNavDataFetcher        : EastMoney 获取 512880 历史净值失败，回退到新浪最新行情
Creating a new SqlSession
SqlSession [org.apache.ibatis.session.defaults.DefaultSqlSession@545f0b6] was not registered for synchronization because synchronization is not active
JDBC Connection [HikariProxyConnection@1017049979 wrapping com.mysql.cj.jdbc.ConnectionImpl@698f4aa] will not be managed by Spring
==>  Preparing: SELECT COUNT( * ) AS total FROM fund_nav WHERE (fund_code = ? AND nav_date = ?)
==> Parameters: 512880(String), 2026-06-24(LocalDate)
<==    Columns: total
<==        Row: 1
<==      Total: 1
Closing non transactional SqlSession [org.apache.ibatis.session.defaults.DefaultSqlSession@545f0b6]
2026-06-24T19:34:14.202+08:00  INFO 21086 --- [fund-momentum-strategy] [           main] c.h.c.a.service.FundDataSyncAppService   : Synced 0 records for 512880
2026-06-24T19:34:14.406+08:00 ERROR 21086 --- [fund-momentum-strategy] [           main] c.h.c.i.e.e.EastMoneyKlineNavFetcher     : Failed to fetch history NAV from EastMoney for 512660: I/O error on GET request for "https://push2his.eastmoney.com/api/qt/stock/kline/get": Unexpected end of file from server
2026-06-24T19:34:14.406+08:00  WARN 21086 --- [fund-momentum-strategy] [           main] c.h.c.i.e.CompositeNavDataFetcher        : EastMoney 获取 512660 历史净值失败，回退到新浪最新行情
Creating a new SqlSession
SqlSession [org.apache.ibatis.session.defaults.DefaultSqlSession@4b511e61] was not registered for synchronization because synchronization is not active
JDBC Connection [HikariProxyConnection@1957118064 wrapping com.mysql.cj.jdbc.ConnectionImpl@698f4aa] will not be managed by Spring
==>  Preparing: SELECT COUNT( * ) AS total FROM fund_nav WHERE (fund_code = ? AND nav_date = ?)
==> Parameters: 512660(String), 2026-06-24(LocalDate)
<==    Columns: total
<==        Row: 1
<==      Total: 1
Closing non transactional SqlSession [org.apache.ibatis.session.defaults.DefaultSqlSession@4b511e61]
2026-06-24T19:34:14.418+08:00  INFO 21086 --- [fund-momentum-strategy] [           main] c.h.c.a.service.FundDataSyncAppService   : Synced 0 records for 512660
2026-06-24T19:34:14.616+08:00 ERROR 21086 --- [fund-momentum-strategy] [           main] c.h.c.i.e.e.EastMoneyKlineNavFetcher     : Failed to fetch history NAV from EastMoney for 511010: I/O error on GET request for "https://push2his.eastmoney.com/api/qt/stock/kline/get": Unexpected end of file from server
2026-06-24T19:34:14.616+08:00  WARN 21086 --- [fund-momentum-strategy] [           main] c.h.c.i.e.CompositeNavDataFetcher        : EastMoney 获取 511010 历史净值失败，回退到新浪最新行情
Creating a new SqlSession
SqlSession [org.apache.ibatis.session.defaults.DefaultSqlSession@4efed0e0] was not registered for synchronization because synchronization is not active
JDBC Connection [HikariProxyConnection@1254157669 wrapping com.mysql.cj.jdbc.ConnectionImpl@698f4aa] will not be managed by Spring
==>  Preparing: SELECT COUNT( * ) AS total FROM fund_nav WHERE (fund_code = ? AND nav_date = ?)
==> Parameters: 511010(String), 2026-06-24(LocalDate)
<==    Columns: total
<==        Row: 1
<==      Total: 1
Closing non transactional SqlSession [org.apache.ibatis.session.defaults.DefaultSqlSession@4efed0e0]
2026-06-24T19:34:14.629+08:00  INFO 21086 --- [fund-momentum-strategy] [           main] c.h.c.a.service.FundDataSyncAppService   : Synced 0 records for 511010
2026-06-24T19:34:14.822+08:00 ERROR 21086 --- [fund-momentum-strategy] [           main] c.h.c.i.e.e.EastMoneyKlineNavFetcher     : Failed to fetch history NAV from EastMoney for 518880: I/O error on GET request for "https://push2his.eastmoney.com/api/qt/stock/kline/get": Unexpected end of file from server
2026-06-24T19:34:14.822+08:00  WARN 21086 --- [fund-momentum-strategy] [           main] c.h.c.i.e.CompositeNavDataFetcher        : EastMoney 获取 518880 历史净值失败，回退到新浪最新行情
Creating a new SqlSession
SqlSession [org.apache.ibatis.session.defaults.DefaultSqlSession@10dbf660] was not registered for synchronization because synchronization is not active
JDBC Connection [HikariProxyConnection@1772825962 wrapping com.mysql.cj.jdbc.ConnectionImpl@698f4aa] will not be managed by Spring
==>  Preparing: SELECT COUNT( * ) AS total FROM fund_nav WHERE (fund_code = ? AND nav_date = ?)
==> Parameters: 518880(String), 2026-06-24(LocalDate)
<==    Columns: total
<==        Row: 1
<==      Total: 1
Closing non transactional SqlSession [org.apache.ibatis.session.defaults.DefaultSqlSession@10dbf660]
2026-06-24T19:34:14.835+08:00  INFO 21086 --- [fund-momentum-strategy] [           main] c.h.c.a.service.FundDataSyncAppService   : Synced 0 records for 518880
2026-06-24T19:34:15.034+08:00 ERROR 21086 --- [fund-momentum-strategy] [           main] c.h.c.i.e.e.EastMoneyKlineNavFetcher     : Failed to fetch history NAV from EastMoney for 000852: I/O error on GET request for "https://push2his.eastmoney.com/api/qt/stock/kline/get": Unexpected end of file from server
2026-06-24T19:34:15.034+08:00  WARN 21086 --- [fund-momentum-strategy] [           main] c.h.c.i.e.CompositeNavDataFetcher        : EastMoney 获取 000852 历史净值失败，回退到新浪最新行情
Creating a new SqlSession
SqlSession [org.apache.ibatis.session.defaults.DefaultSqlSession@1fba3fd6] was not registered for synchronization because synchronization is not active
JDBC Connection [HikariProxyConnection@984302294 wrapping com.mysql.cj.jdbc.ConnectionImpl@698f4aa] will not be managed by Spring
==>  Preparing: SELECT COUNT( * ) AS total FROM fund_nav WHERE (fund_code = ? AND nav_date = ?)
==> Parameters: 000852(String), 2026-06-24(LocalDate)
<==    Columns: total
<==        Row: 1
<==      Total: 1
Closing non transactional SqlSession [org.apache.ibatis.session.defaults.DefaultSqlSession@1fba3fd6]
2026-06-24T19:34:15.046+08:00  INFO 21086 --- [fund-momentum-strategy] [           main] c.h.c.a.service.FundDataSyncAppService   : Synced 0 records for 000852
2026-06-24T19:34:15.259+08:00 ERROR 21086 --- [fund-momentum-strategy] [           main] c.h.c.i.e.e.EastMoneyKlineNavFetcher     : Failed to fetch history NAV from EastMoney for 159516: I/O error on GET request for "https://push2his.eastmoney.com/api/qt/stock/kline/get": Unexpected end of file from server
2026-06-24T19:34:15.259+08:00  WARN 21086 --- [fund-momentum-strategy] [           main] c.h.c.i.e.CompositeNavDataFetcher        : EastMoney 获取 159516 历史净值失败，回退到新浪最新行情
Creating a new SqlSession
SqlSession [org.apache.ibatis.session.defaults.DefaultSqlSession@7b7e4b20] was not registered for synchronization because synchronization is not active
JDBC Connection [HikariProxyConnection@1522581380 wrapping com.mysql.cj.jdbc.ConnectionImpl@698f4aa] will not be managed by Spring
==>  Preparing: SELECT COUNT( * ) AS total FROM fund_nav WHERE (fund_code = ? AND nav_date = ?)
==> Parameters: 159516(String), 2026-06-24(LocalDate)
<==    Columns: total
<==        Row: 1
<==      Total: 1
Closing non transactional SqlSession [org.apache.ibatis.session.defaults.DefaultSqlSession@7b7e4b20]
2026-06-24T19:34:15.272+08:00  INFO 21086 --- [fund-momentum-strategy] [           main] c.h.c.a.service.FundDataSyncAppService   : Synced 0 records for 159516
2026-06-24T19:34:15.467+08:00 ERROR 21086 --- [fund-momentum-strategy] [           main] c.h.c.i.e.e.EastMoneyKlineNavFetcher     : Failed to fetch history NAV from EastMoney for 159201: I/O error on GET request for "https://push2his.eastmoney.com/api/qt/stock/kline/get": Unexpected end of file from server
2026-06-24T19:34:15.467+08:00  WARN 21086 --- [fund-momentum-strategy] [           main] c.h.c.i.e.CompositeNavDataFetcher        : EastMoney 获取 159201 历史净值失败，回退到新浪最新行情
Creating a new SqlSession
SqlSession [org.apache.ibatis.session.defaults.DefaultSqlSession@415262a0] was not registered for synchronization because synchronization is not active
JDBC Connection [HikariProxyConnection@432142068 wrapping com.mysql.cj.jdbc.ConnectionImpl@698f4aa] will not be managed by Spring
==>  Preparing: SELECT COUNT( * ) AS total FROM fund_nav WHERE (fund_code = ? AND nav_date = ?)
==> Parameters: 159201(String), 2026-06-24(LocalDate)
<==    Columns: total
<==        Row: 1
<==      Total: 1
Closing non transactional SqlSession [org.apache.ibatis.session.defaults.DefaultSqlSession@415262a0]
2026-06-24T19:34:15.479+08:00  INFO 21086 --- [fund-momentum-strategy] [           main] c.h.c.a.service.FundDataSyncAppService   : Synced 0 records for 159201
2026-06-24T19:34:15.675+08:00 ERROR 21086 --- [fund-momentum-strategy] [           main] c.h.c.i.e.e.EastMoneyKlineNavFetcher     : Failed to fetch history NAV from EastMoney for 159263: I/O error on GET request for "https://push2his.eastmoney.com/api/qt/stock/kline/get": Unexpected end of file from server
2026-06-24T19:34:15.675+08:00  WARN 21086 --- [fund-momentum-strategy] [           main] c.h.c.i.e.CompositeNavDataFetcher        : EastMoney 获取 159263 历史净值失败，回退到新浪最新行情
Creating a new SqlSession
SqlSession [org.apache.ibatis.session.defaults.DefaultSqlSession@538905d2] was not registered for synchronization because synchronization is not active
JDBC Connection [HikariProxyConnection@2123127037 wrapping com.mysql.cj.jdbc.ConnectionImpl@698f4aa] will not be managed by Spring
==>  Preparing: SELECT COUNT( * ) AS total FROM fund_nav WHERE (fund_code = ? AND nav_date = ?)
==> Parameters: 159263(String), 2026-06-24(LocalDate)
<==    Columns: total
<==        Row: 1
<==      Total: 1
Closing non transactional SqlSession [org.apache.ibatis.session.defaults.DefaultSqlSession@538905d2]
2026-06-24T19:34:15.687+08:00  INFO 21086 --- [fund-momentum-strategy] [           main] c.h.c.a.service.FundDataSyncAppService   : Synced 0 records for 159263
2026-06-24T19:34:15.890+08:00 ERROR 21086 --- [fund-momentum-strategy] [           main] c.h.c.i.e.e.EastMoneyKlineNavFetcher     : Failed to fetch history NAV from EastMoney for 159562: I/O error on GET request for "https://push2his.eastmoney.com/api/qt/stock/kline/get": Unexpected end of file from server
2026-06-24T19:34:15.890+08:00  WARN 21086 --- [fund-momentum-strategy] [           main] c.h.c.i.e.CompositeNavDataFetcher        : EastMoney 获取 159562 历史净值失败，回退到新浪最新行情
Creating a new SqlSession
SqlSession [org.apache.ibatis.session.defaults.DefaultSqlSession@72168258] was not registered for synchronization because synchronization is not active
JDBC Connection [HikariProxyConnection@1257785974 wrapping com.mysql.cj.jdbc.ConnectionImpl@698f4aa] will not be managed by Spring
==>  Preparing: SELECT COUNT( * ) AS total FROM fund_nav WHERE (fund_code = ? AND nav_date = ?)
==> Parameters: 159562(String), 2026-06-24(LocalDate)
<==    Columns: total
<==        Row: 1
<==      Total: 1
Closing non transactional SqlSession [org.apache.ibatis.session.defaults.DefaultSqlSession@72168258]
2026-06-24T19:34:15.902+08:00  INFO 21086 --- [fund-momentum-strategy] [           main] c.h.c.a.service.FundDataSyncAppService   : Synced 0 records for 159562
2026-06-24T19:34:16.118+08:00 ERROR 21086 --- [fund-momentum-strategy] [           main] c.h.c.i.e.e.EastMoneyKlineNavFetcher     : Failed to fetch history NAV from EastMoney for 161226: I/O error on GET request for "https://push2his.eastmoney.com/api/qt/stock/kline/get": Unexpected end of file from server
2026-06-24T19:34:16.118+08:00  WARN 21086 --- [fund-momentum-strategy] [           main] c.h.c.i.e.CompositeNavDataFetcher        : EastMoney 获取 161226 历史净值失败，回退到新浪最新行情
Creating a new SqlSession
SqlSession [org.apache.ibatis.session.defaults.DefaultSqlSession@6ffdbeef] was not registered for synchronization because synchronization is not active
JDBC Connection [HikariProxyConnection@1244989872 wrapping com.mysql.cj.jdbc.ConnectionImpl@698f4aa] will not be managed by Spring
==>  Preparing: SELECT COUNT( * ) AS total FROM fund_nav WHERE (fund_code = ? AND nav_date = ?)
==> Parameters: 161226(String), 2026-06-24(LocalDate)
<==    Columns: total
<==        Row: 1
<==      Total: 1
Closing non transactional SqlSession [org.apache.ibatis.session.defaults.DefaultSqlSession@6ffdbeef]
2026-06-24T19:34:16.130+08:00  INFO 21086 --- [fund-momentum-strategy] [           main] c.h.c.a.service.FundDataSyncAppService   : Synced 0 records for 161226
2026-06-24T19:34:16.312+08:00 ERROR 21086 --- [fund-momentum-strategy] [           main] c.h.c.i.e.e.EastMoneyKlineNavFetcher     : Failed to fetch history NAV from EastMoney for 561360: I/O error on GET request for "https://push2his.eastmoney.com/api/qt/stock/kline/get": Unexpected end of file from server
2026-06-24T19:34:16.312+08:00  WARN 21086 --- [fund-momentum-strategy] [           main] c.h.c.i.e.CompositeNavDataFetcher        : EastMoney 获取 561360 历史净值失败，回退到新浪最新行情
Creating a new SqlSession
SqlSession [org.apache.ibatis.session.defaults.DefaultSqlSession@fefb66c] was not registered for synchronization because synchronization is not active
JDBC Connection [HikariProxyConnection@1836406440 wrapping com.mysql.cj.jdbc.ConnectionImpl@698f4aa] will not be managed by Spring
==>  Preparing: SELECT COUNT( * ) AS total FROM fund_nav WHERE (fund_code = ? AND nav_date = ?)
==> Parameters: 561360(String), 2026-06-24(LocalDate)
<==    Columns: total
<==        Row: 1
<==      Total: 1
Closing non transactional SqlSession [org.apache.ibatis.session.defaults.DefaultSqlSession@fefb66c]
2026-06-24T19:34:16.325+08:00  INFO 21086 --- [fund-momentum-strategy] [           main] c.h.c.a.service.FundDataSyncAppService   : Synced 0 records for 561360
2026-06-24T19:34:16.325+08:00  INFO 21086 --- [fund-momentum-strategy] [           main] c.h.c.a.service.FundDataSyncAppService   : NAV sync completed. Total: 18, Success: 0, Failed: 18, Records: 0
2026-06-24T19:34:16.326+08:00  INFO 21086 --- [fund-momentum-strategy] [           main] c.h.c.a.s.StrategyExecutionAppService    : Executing weekly strategy for 2026-06-24
Creating a new SqlSession
Registering transaction synchronization for SqlSession [org.apache.ibatis.session.defaults.DefaultSqlSession@1bcb8599]
JDBC Connection [HikariProxyConnection@299617083 wrapping com.mysql.cj.jdbc.ConnectionImpl@698f4aa] will be managed by Spring
==>  Preparing: SELECT id,fund_code,fund_name,fund_type,listed_date,status,create_time,update_time FROM fund WHERE (status = ?)
==> Parameters: 1(Integer)
<==    Columns: id, fund_code, fund_name, fund_type, listed_date, status, create_time, update_time
<==        Row: 1, 510300, 沪深300ETF华泰柏瑞, WIDE_BASE, null, 1, 2026-06-24 01:37:56, 2026-06-24 19:11:18
<==        Row: 2, 510500, 中证500ETF南方, WIDE_BASE, null, 1, 2026-06-24 01:37:56, 2026-06-24 19:14:09
<==        Row: 3, 159949, 创业板50ETF华安, WIDE_BASE, null, 1, 2026-06-24 01:37:56, 2026-06-24 19:14:47
<==        Row: 4, 588000, 科创50ETF华夏, WIDE_BASE, null, 1, 2026-06-24 01:37:56, 2026-06-24 19:15:09
<==        Row: 5, 512480, 半导体ETF, SECTOR, null, 1, 2026-06-24 01:37:56, 2026-06-24 01:37:56
<==        Row: 6, 516100, 新能源ETF, SECTOR, null, 1, 2026-06-24 01:37:56, 2026-06-24 01:37:56
<==        Row: 7, 512010, 医药ETF, SECTOR, null, 1, 2026-06-24 01:37:56, 2026-06-24 01:37:56
<==        Row: 8, 512880, 证券ETF, SECTOR, null, 1, 2026-06-24 01:37:56, 2026-06-24 01:37:56
<==        Row: 9, 512660, 军工ETF, SECTOR, null, 1, 2026-06-24 01:37:56, 2026-06-24 01:37:56
<==        Row: 10, 511010, 国债ETF, BOND, null, 1, 2026-06-24 01:37:56, 2026-06-24 01:37:56
<==        Row: 11, 518880, 黄金ETF, GOLD, null, 1, 2026-06-24 01:37:56, 2026-06-24 01:37:56
<==        Row: 12, 000852, 中证A500, WIDE_BASE, null, 1, 2026-06-24 01:37:56, 2026-06-24 12:56:14
<==        Row: 61, 159516, 半导体设备ETF国泰, SECTOR, null, 1, 2026-06-24 13:37:22, 2026-06-24 13:37:22
<==        Row: 62, 159201, 自由现金流ETF华夏, WIDE_BASE, null, 1, 2026-06-24 18:19:40, 2026-06-24 18:19:40
<==        Row: 63, 159263, 价值ETF易方达, OTHER, null, 1, 2026-06-24 18:44:07, 2026-06-24 18:44:07
<==        Row: 64, 159562, 黄金股ETF华夏, GOLD, null, 1, 2026-06-24 19:10:12, 2026-06-24 19:10:12
<==        Row: 65, 161226, 国投白银, OTHER, null, 1, 2026-06-24 19:20:20, 2026-06-24 19:20:20
<==        Row: 66, 561360, 石油ETF国泰, GOLD, null, 1, 2026-06-24 19:21:52, 2026-06-24 19:21:52
<==      Total: 18
Releasing transactional SqlSession [org.apache.ibatis.session.defaults.DefaultSqlSession@1bcb8599]
Fetched SqlSession [org.apache.ibatis.session.defaults.DefaultSqlSession@1bcb8599] from current transaction
==>  Preparing: SELECT t.* FROM fund_tag t INNER JOIN fund_tag_relation r ON t.id = r.tag_id WHERE r.fund_code = ?
==> Parameters: 510300(String)
<==    Columns: id, tag_code, tag_name, color, create_time
<==        Row: 1, CORE, 核心资产, #1890ff, 2026-06-24 01:37:56
<==      Total: 1
Releasing transactional SqlSession [org.apache.ibatis.session.defaults.DefaultSqlSession@1bcb8599]
Fetched SqlSession [org.apache.ibatis.session.defaults.DefaultSqlSession@1bcb8599] from current transaction
==>  Preparing: SELECT t.* FROM fund_tag t INNER JOIN fund_tag_relation r ON t.id = r.tag_id WHERE r.fund_code = ?
==> Parameters: 510500(String)
<==    Columns: id, tag_code, tag_name, color, create_time
<==        Row: 1, CORE, 核心资产, #1890ff, 2026-06-24 01:37:56
<==      Total: 1
Releasing transactional SqlSession [org.apache.ibatis.session.defaults.DefaultSqlSession@1bcb8599]
Fetched SqlSession [org.apache.ibatis.session.defaults.DefaultSqlSession@1bcb8599] from current transaction
==>  Preparing: SELECT t.* FROM fund_tag t INNER JOIN fund_tag_relation r ON t.id = r.tag_id WHERE r.fund_code = ?
==> Parameters: 159949(String)
<==    Columns: id, tag_code, tag_name, color, create_time
<==        Row: 1, CORE, 核心资产, #1890ff, 2026-06-24 01:37:56
<==      Total: 1
Releasing transactional SqlSession [org.apache.ibatis.session.defaults.DefaultSqlSession@1bcb8599]
Fetched SqlSession [org.apache.ibatis.session.defaults.DefaultSqlSession@1bcb8599] from current transaction
==>  Preparing: SELECT t.* FROM fund_tag t INNER JOIN fund_tag_relation r ON t.id = r.tag_id WHERE r.fund_code = ?
==> Parameters: 588000(String)
<==    Columns: id, tag_code, tag_name, color, create_time
<==        Row: 1, CORE, 核心资产, #1890ff, 2026-06-24 01:37:56
<==      Total: 1
Releasing transactional SqlSession [org.apache.ibatis.session.defaults.DefaultSqlSession@1bcb8599]
Fetched SqlSession [org.apache.ibatis.session.defaults.DefaultSqlSession@1bcb8599] from current transaction
==>  Preparing: SELECT t.* FROM fund_tag t INNER JOIN fund_tag_relation r ON t.id = r.tag_id WHERE r.fund_code = ?
==> Parameters: 512480(String)
<==      Total: 0
Releasing transactional SqlSession [org.apache.ibatis.session.defaults.DefaultSqlSession@1bcb8599]
Fetched SqlSession [org.apache.ibatis.session.defaults.DefaultSqlSession@1bcb8599] from current transaction
==>  Preparing: SELECT t.* FROM fund_tag t INNER JOIN fund_tag_relation r ON t.id = r.tag_id WHERE r.fund_code = ?
==> Parameters: 516100(String)
<==      Total: 0
Releasing transactional SqlSession [org.apache.ibatis.session.defaults.DefaultSqlSession@1bcb8599]
Fetched SqlSession [org.apache.ibatis.session.defaults.DefaultSqlSession@1bcb8599] from current transaction
==>  Preparing: SELECT t.* FROM fund_tag t INNER JOIN fund_tag_relation r ON t.id = r.tag_id WHERE r.fund_code = ?
==> Parameters: 512010(String)
<==      Total: 0
Releasing transactional SqlSession [org.apache.ibatis.session.defaults.DefaultSqlSession@1bcb8599]
Fetched SqlSession [org.apache.ibatis.session.defaults.DefaultSqlSession@1bcb8599] from current transaction
==>  Preparing: SELECT t.* FROM fund_tag t INNER JOIN fund_tag_relation r ON t.id = r.tag_id WHERE r.fund_code = ?
==> Parameters: 512880(String)
<==      Total: 0
Releasing transactional SqlSession [org.apache.ibatis.session.defaults.DefaultSqlSession@1bcb8599]
Fetched SqlSession [org.apache.ibatis.session.defaults.DefaultSqlSession@1bcb8599] from current transaction
==>  Preparing: SELECT t.* FROM fund_tag t INNER JOIN fund_tag_relation r ON t.id = r.tag_id WHERE r.fund_code = ?
==> Parameters: 512660(String)
<==      Total: 0
Releasing transactional SqlSession [org.apache.ibatis.session.defaults.DefaultSqlSession@1bcb8599]
Fetched SqlSession [org.apache.ibatis.session.defaults.DefaultSqlSession@1bcb8599] from current transaction
==>  Preparing: SELECT t.* FROM fund_tag t INNER JOIN fund_tag_relation r ON t.id = r.tag_id WHERE r.fund_code = ?
==> Parameters: 511010(String)
<==    Columns: id, tag_code, tag_name, color, create_time
<==        Row: 6, BOND_LIKE, 债性, #13c2c2, 2026-06-24 01:37:56
<==      Total: 1
Releasing transactional SqlSession [org.apache.ibatis.session.defaults.DefaultSqlSession@1bcb8599]
Fetched SqlSession [org.apache.ibatis.session.defaults.DefaultSqlSession@1bcb8599] from current transaction
==>  Preparing: SELECT t.* FROM fund_tag t INNER JOIN fund_tag_relation r ON t.id = r.tag_id WHERE r.fund_code = ?
==> Parameters: 518880(String)
<==    Columns: id, tag_code, tag_name, color, create_time
<==        Row: 21, PRODUCT, 商品, #165692, 2026-06-24 19:09:20
<==      Total: 1
Releasing transactional SqlSession [org.apache.ibatis.session.defaults.DefaultSqlSession@1bcb8599]
Fetched SqlSession [org.apache.ibatis.session.defaults.DefaultSqlSession@1bcb8599] from current transaction
==>  Preparing: SELECT t.* FROM fund_tag t INNER JOIN fund_tag_relation r ON t.id = r.tag_id WHERE r.fund_code = ?
==> Parameters: 000852(String)
<==    Columns: id, tag_code, tag_name, color, create_time
<==        Row: 1, CORE, 核心资产, #1890ff, 2026-06-24 01:37:56
<==        Row: 19, BASIC, 大盘基准, #3c5268, 2026-06-24 12:55:41
<==      Total: 2
Releasing transactional SqlSession [org.apache.ibatis.session.defaults.DefaultSqlSession@1bcb8599]
Fetched SqlSession [org.apache.ibatis.session.defaults.DefaultSqlSession@1bcb8599] from current transaction
==>  Preparing: SELECT t.* FROM fund_tag t INNER JOIN fund_tag_relation r ON t.id = r.tag_id WHERE r.fund_code = ?
==> Parameters: 159516(String)
<==    Columns: id, tag_code, tag_name, color, create_time
<==        Row: 20, BANDAOTI, 半导体, #1890ff, 2026-06-24 13:37:33
<==      Total: 1
Releasing transactional SqlSession [org.apache.ibatis.session.defaults.DefaultSqlSession@1bcb8599]
Fetched SqlSession [org.apache.ibatis.session.defaults.DefaultSqlSession@1bcb8599] from current transaction
==>  Preparing: SELECT t.* FROM fund_tag t INNER JOIN fund_tag_relation r ON t.id = r.tag_id WHERE r.fund_code = ?
==> Parameters: 159201(String)
<==    Columns: id, tag_code, tag_name, color, create_time
<==        Row: 4, DEFENSE, 防御, #faad14, 2026-06-24 01:37:56
<==      Total: 1
Releasing transactional SqlSession [org.apache.ibatis.session.defaults.DefaultSqlSession@1bcb8599]
Fetched SqlSession [org.apache.ibatis.session.defaults.DefaultSqlSession@1bcb8599] from current transaction
==>  Preparing: SELECT t.* FROM fund_tag t INNER JOIN fund_tag_relation r ON t.id = r.tag_id WHERE r.fund_code = ?
==> Parameters: 159263(String)
<==    Columns: id, tag_code, tag_name, color, create_time
<==        Row: 4, DEFENSE, 防御, #faad14, 2026-06-24 01:37:56
<==      Total: 1
Releasing transactional SqlSession [org.apache.ibatis.session.defaults.DefaultSqlSession@1bcb8599]
Fetched SqlSession [org.apache.ibatis.session.defaults.DefaultSqlSession@1bcb8599] from current transaction
==>  Preparing: SELECT t.* FROM fund_tag t INNER JOIN fund_tag_relation r ON t.id = r.tag_id WHERE r.fund_code = ?
==> Parameters: 159562(String)
<==    Columns: id, tag_code, tag_name, color, create_time
<==        Row: 21, PRODUCT, 商品, #165692, 2026-06-24 19:09:20
<==      Total: 1
Releasing transactional SqlSession [org.apache.ibatis.session.defaults.DefaultSqlSession@1bcb8599]
Fetched SqlSession [org.apache.ibatis.session.defaults.DefaultSqlSession@1bcb8599] from current transaction
==>  Preparing: SELECT t.* FROM fund_tag t INNER JOIN fund_tag_relation r ON t.id = r.tag_id WHERE r.fund_code = ?
==> Parameters: 161226(String)
<==    Columns: id, tag_code, tag_name, color, create_time
<==        Row: 21, PRODUCT, 商品, #165692, 2026-06-24 19:09:20
<==      Total: 1
Releasing transactional SqlSession [org.apache.ibatis.session.defaults.DefaultSqlSession@1bcb8599]
Fetched SqlSession [org.apache.ibatis.session.defaults.DefaultSqlSession@1bcb8599] from current transaction
==>  Preparing: SELECT t.* FROM fund_tag t INNER JOIN fund_tag_relation r ON t.id = r.tag_id WHERE r.fund_code = ?
==> Parameters: 561360(String)
<==    Columns: id, tag_code, tag_name, color, create_time
<==        Row: 21, PRODUCT, 商品, #165692, 2026-06-24 19:09:20
<==      Total: 1
Releasing transactional SqlSession [org.apache.ibatis.session.defaults.DefaultSqlSession@1bcb8599]
Fetched SqlSession [org.apache.ibatis.session.defaults.DefaultSqlSession@1bcb8599] from current transaction
==>  Preparing: SELECT * FROM strategy_config WHERE status = 1
==> Parameters: 
<==    Columns: id, strategy_type, short_momentum_window, long_momentum_window, up_days_threshold, ma_window, volatility_window, max_holding_count, single_weight_cap, rebalancing_frequency, cooling_period_days, allocation_ratio, status, create_time, update_time
<==        Row: 1, BALANCED, 10, 20, 0.5000, 60, 20, 3, 0.4000, WEEKLY, 3, 0.7000, 1, 2026-06-24 01:37:57, 2026-06-24 01:37:57
<==        Row: 2, ACTIVE, 5, 10, 0.5000, 20, 10, 2, 0.5000, WEEKLY, 3, 0.3000, 1, 2026-06-24 01:37:57, 2026-06-24 01:37:57
<==      Total: 2
Releasing transactional SqlSession [org.apache.ibatis.session.defaults.DefaultSqlSession@1bcb8599]
Fetched SqlSession [org.apache.ibatis.session.defaults.DefaultSqlSession@1bcb8599] from current transaction
==>  Preparing: SELECT * FROM fund_nav WHERE fund_code = ? AND nav_date BETWEEN ? AND ? ORDER BY nav_date ASC
==> Parameters: 510300(String), 2026-03-26(LocalDate), 2026-06-24(LocalDate)
<==    Columns: id, fund_code, nav_date, open_nav, high_nav, low_nav, close_nav, volume, create_time
<==        Row: 59, 510300, 2026-03-26, 4.5360, 4.5470, 4.4770, 4.4880, 4742424, 2026-06-24 12:32:39
<==        Row: 60, 510300, 2026-03-27, 4.4500, 4.5300, 4.4450, 4.5080, 5626908, 2026-06-24 12:32:39
<==        Row: 61, 510300, 2026-03-30, 4.4620, 4.5050, 4.4530, 4.5000, 5439943, 2026-06-24 12:32:39
<==        Row: 62, 510300, 2026-03-31, 4.5010, 4.5290, 4.4620, 4.4630, 5305656, 2026-06-24 12:32:39
<==        Row: 63, 510300, 2026-04-01, 4.5200, 4.5420, 4.5010, 4.5340, 5012281, 2026-06-24 12:32:39
<==        Row: 64, 510300, 2026-04-02, 4.5210, 4.5260, 4.4700, 4.4890, 4663511, 2026-06-24 12:32:39
<==        Row: 65, 510300, 2026-04-03, 4.4950, 4.5060, 4.4460, 4.4540, 4261096, 2026-06-24 12:32:39
<==        Row: 66, 510300, 2026-04-07, 4.4550, 4.4700, 4.4310, 4.4460, 4285686, 2026-06-24 12:32:39
<==        Row: 67, 510300, 2026-04-08, 4.5190, 4.6040, 4.5170, 4.6020, 9968846, 2026-06-24 12:32:39
<==        Row: 68, 510300, 2026-04-09, 4.5730, 4.5860, 4.5600, 4.5720, 7049553, 2026-06-24 12:32:39
<==        Row: 69, 510300, 2026-04-10, 4.5880, 4.6640, 4.5880, 4.6420, 9063873, 2026-06-24 12:32:39
<==        Row: 70, 510300, 2026-04-13, 4.6290, 4.6600, 4.6230, 4.6520, 3928926, 2026-06-24 12:32:39
<==        Row: 71, 510300, 2026-04-14, 4.6790, 4.7120, 4.6630, 4.7120, 4276571, 2026-06-24 12:32:39
<==        Row: 72, 510300, 2026-04-15, 4.7320, 4.7460, 4.6840, 4.6940, 6759806, 2026-06-24 12:32:39
<==        Row: 73, 510300, 2026-04-16, 4.7040, 4.7470, 4.7000, 4.7460, 8532344, 2026-06-24 12:32:39
<==        Row: 74, 510300, 2026-04-17, 4.7370, 4.7500, 4.7220, 4.7390, 7361501, 2026-06-24 12:32:39
<==        Row: 75, 510300, 2026-04-20, 4.7350, 4.7770, 4.7280, 4.7650, 7624578, 2026-06-24 12:32:39
<==        Row: 76, 510300, 2026-04-21, 4.7640, 4.7860, 4.7300, 4.7760, 6361081, 2026-06-24 12:32:39
<==        Row: 77, 510300, 2026-04-22, 4.7600, 4.8130, 4.7560, 4.8110, 10125926, 2026-06-24 12:32:39
<==        Row: 78, 510300, 2026-04-23, 4.8200, 4.8340, 4.7720, 4.8010, 10085181, 2026-06-24 12:32:39
<==        Row: 79, 510300, 2026-04-24, 4.7850, 4.7980, 4.7500, 4.7820, 7193226, 2026-06-24 12:32:39
<==        Row: 80, 510300, 2026-04-27, 4.7860, 4.8100, 4.7730, 4.7820, 9280360, 2026-06-24 12:32:39
<==        Row: 81, 510300, 2026-04-28, 4.7660, 4.7900, 4.7570, 4.7700, 8644202, 2026-06-24 12:32:39
<==        Row: 82, 510300, 2026-04-29, 4.7550, 4.8280, 4.7550, 4.8210, 12796798, 2026-06-24 12:32:39
<==        Row: 83, 510300, 2026-04-30, 4.8300, 4.8410, 4.8080, 4.8240, 16517864, 2026-06-24 12:32:39
<==        Row: 84, 510300, 2026-05-06, 4.8660, 4.9140, 4.8520, 4.8880, 18677828, 2026-06-24 12:32:39
<==        Row: 85, 510300, 2026-05-07, 4.9050, 4.9140, 4.8790, 4.9120, 20946226, 2026-06-24 12:32:39
<==        Row: 86, 510300, 2026-05-08, 4.8900, 4.9020, 4.8620, 4.8860, 12535649, 2026-06-24 12:32:39
<==        Row: 87, 510300, 2026-05-11, 4.9110, 4.9800, 4.9000, 4.9660, 21165218, 2026-06-24 12:32:39
<==        Row: 88, 510300, 2026-05-12, 4.9750, 4.9870, 4.9440, 4.9630, 10021705, 2026-06-24 12:32:39
<==        Row: 89, 510300, 2026-05-13, 4.9400, 5.0230, 4.9390, 5.0170, 12726150, 2026-06-24 12:32:39
<==        Row: 90, 510300, 2026-05-14, 5.0370, 5.0410, 4.9310, 4.9410, 10281646, 2026-06-24 12:32:39
<==        Row: 91, 510300, 2026-05-15, 4.9350, 4.9540, 4.8520, 4.8780, 10479024, 2026-06-24 12:32:39
<==        Row: 92, 510300, 2026-05-18, 4.8550, 4.8850, 4.8190, 4.8520, 5835764, 2026-06-24 12:32:39
<==        Row: 93, 510300, 2026-05-19, 4.8430, 4.8740, 4.7890, 4.8690, 9674999, 2026-06-24 12:32:39
<==        Row: 94, 510300, 2026-05-20, 4.8450, 4.8820, 4.8400, 4.8710, 9597201, 2026-06-24 12:32:39
<==        Row: 95, 510300, 2026-05-21, 4.8970, 4.9540, 4.8010, 4.8080, 12055773, 2026-06-24 12:32:39
<==        Row: 96, 510300, 2026-05-22, 4.8280, 4.8680, 4.8070, 4.8620, 13250518, 2026-06-24 12:32:39
<==        Row: 97, 510300, 2026-05-25, 4.8800, 4.9380, 4.8720, 4.9370, 16250559, 2026-06-24 12:32:39
<==        Row: 98, 510300, 2026-05-26, 4.9120, 4.9750, 4.9100, 4.9720, 9686752, 2026-06-24 12:32:39
<==        Row: 99, 510300, 2026-05-27, 4.9630, 4.9930, 4.9130, 4.9320, 6405215, 2026-06-24 12:32:39
<==        Row: 100, 510300, 2026-05-28, 4.9170, 4.9480, 4.8660, 4.9320, 4396498, 2026-06-24 12:32:39
<==        Row: 101, 510300, 2026-05-29, 4.9460, 4.9780, 4.9000, 4.9230, 6566854, 2026-06-24 12:32:39
<==        Row: 102, 510300, 2026-06-01, 4.9230, 4.9400, 4.8610, 4.8680, 4990927, 2026-06-24 12:32:39
<==        Row: 103, 510300, 2026-06-02, 4.8670, 4.9560, 4.8560, 4.9360, 6809437, 2026-06-24 12:32:39
<==        Row: 104, 510300, 2026-06-03, 4.9380, 5.0160, 4.9280, 4.9650, 7604619, 2026-06-24 12:32:39
<==        Row: 105, 510300, 2026-06-04, 4.9190, 4.9610, 4.9100, 4.9260, 6097283, 2026-06-24 12:32:39
<==        Row: 106, 510300, 2026-06-05, 4.9090, 4.9480, 4.8250, 4.8430, 6182927, 2026-06-24 12:32:39
<==        Row: 107, 510300, 2026-06-08, 4.7900, 4.8080, 4.7050, 4.7390, 9232724, 2026-06-24 12:32:39
<==        Row: 108, 510300, 2026-06-09, 4.7640, 4.8280, 4.7410, 4.8260, 4361645, 2026-06-24 12:32:39
<==        Row: 109, 510300, 2026-06-10, 4.7900, 4.8140, 4.7510, 4.7840, 3931623, 2026-06-24 12:32:39
<==        Row: 110, 510300, 2026-06-11, 4.7660, 4.7930, 4.7180, 4.7510, 4160688, 2026-06-24 12:32:39
<==        Row: 111, 510300, 2026-06-12, 4.8100, 4.8460, 4.7890, 4.8180, 7808859, 2026-06-24 12:32:39
<==        Row: 112, 510300, 2026-06-15, 4.8580, 4.9200, 4.8390, 4.9190, 16233007, 2026-06-24 12:32:39
<==        Row: 113, 510300, 2026-06-16, 4.9200, 4.9330, 4.8930, 4.9100, 9085294, 2026-06-24 12:32:39
<==        Row: 114, 510300, 2026-06-17, 4.8980, 4.9600, 4.8940, 4.9580, 13911870, 2026-06-24 12:32:39
<==        Row: 115, 510300, 2026-06-18, 4.9430, 5.0010, 4.9410, 4.9840, 12933430, 2026-06-24 12:32:39
<==        Row: 116, 510300, 2026-06-22, 4.9830, 5.0950, 4.9540, 5.0910, 19131578, 2026-06-24 12:32:39
<==        Row: 117, 510300, 2026-06-23, 5.0790, 5.0950, 4.9150, 4.9420, 26173354, 2026-06-24 12:32:39
<==        Row: 118, 510300, 2026-06-24, 4.9290, 4.9690, 4.9160, 4.9470, 9037354, 2026-06-24 12:32:39
<==      Total: 60
Releasing transactional SqlSession [org.apache.ibatis.session.defaults.DefaultSqlSession@1bcb8599]
Fetched SqlSession [org.apache.ibatis.session.defaults.DefaultSqlSession@1bcb8599] from current transaction
==>  Preparing: SELECT * FROM fund_nav WHERE fund_code = ? AND nav_date BETWEEN ? AND ? ORDER BY nav_date ASC
==> Parameters: 510500(String), 2026-03-26(LocalDate), 2026-06-24(LocalDate)
<==    Columns: id, fund_code, nav_date, open_nav, high_nav, low_nav, close_nav, volume, create_time
<==        Row: 177, 510500, 2026-03-26, 7.7920, 7.8350, 7.6810, 7.7000, 3201844, 2026-06-24 12:33:49
<==        Row: 178, 510500, 2026-03-27, 7.5800, 7.8520, 7.5800, 7.8030, 3963090, 2026-06-24 12:33:49
<==        Row: 179, 510500, 2026-03-30, 7.7060, 7.8360, 7.6650, 7.8180, 4782422, 2026-06-24 12:33:49
<==        Row: 180, 510500, 2026-03-31, 7.8050, 7.8600, 7.6800, 7.6830, 3683999, 2026-06-24 12:33:49
<==        Row: 181, 510500, 2026-04-01, 7.8150, 7.8500, 7.7550, 7.8090, 3566686, 2026-06-24 12:33:49
<==        Row: 182, 510500, 2026-04-02, 7.7710, 7.8090, 7.6190, 7.6720, 4864342, 2026-06-24 12:33:49
<==        Row: 183, 510500, 2026-04-03, 7.6970, 7.7070, 7.5810, 7.6030, 2407769, 2026-06-24 12:33:49
<==        Row: 184, 510500, 2026-04-07, 7.6170, 7.7010, 7.6000, 7.6290, 3281318, 2026-06-24 12:33:49
<==        Row: 185, 510500, 2026-04-08, 7.8200, 8.0290, 7.8150, 8.0260, 11550045, 2026-06-24 12:33:49
<==        Row: 186, 510500, 2026-04-09, 7.9610, 8.0090, 7.9080, 7.9640, 6428258, 2026-06-24 12:33:49
<==        Row: 187, 510500, 2026-04-10, 8.0150, 8.1490, 8.0150, 8.0350, 3800349, 2026-06-24 12:33:49
<==        Row: 188, 510500, 2026-04-13, 7.9850, 8.0590, 7.9780, 8.0280, 4777283, 2026-06-24 12:33:49
<==        Row: 189, 510500, 2026-04-14, 8.1100, 8.1620, 8.0670, 8.1590, 4368138, 2026-06-24 12:33:49
<==        Row: 190, 510500, 2026-04-15, 8.2200, 8.2350, 8.0950, 8.1110, 4083180, 2026-06-24 12:33:49
<==        Row: 191, 510500, 2026-04-16, 8.1300, 8.2710, 8.1250, 8.2530, 4879686, 2026-06-24 12:33:49
<==        Row: 192, 510500, 2026-04-17, 8.2320, 8.3120, 8.2100, 8.2900, 4629737, 2026-06-24 12:33:49
<==        Row: 193, 510500, 2026-04-20, 8.2810, 8.3940, 8.2780, 8.3550, 9125416, 2026-06-24 12:33:49
<==        Row: 194, 510500, 2026-04-21, 8.3510, 8.3510, 8.2560, 8.3310, 4613444, 2026-06-24 12:33:49
<==        Row: 195, 510500, 2026-04-22, 8.2830, 8.4570, 8.2830, 8.4550, 6383224, 2026-06-24 12:33:49
<==        Row: 196, 510500, 2026-04-23, 8.4600, 8.4740, 8.2960, 8.3750, 6939803, 2026-06-24 12:33:49
<==        Row: 197, 510500, 2026-04-24, 8.3210, 8.3800, 8.2420, 8.3230, 4371594, 2026-06-24 12:33:49
<==        Row: 198, 510500, 2026-04-27, 8.3200, 8.3980, 8.2920, 8.3680, 6275188, 2026-06-24 12:33:49
<==        Row: 199, 510500, 2026-04-28, 8.3460, 8.3560, 8.2470, 8.2730, 6369387, 2026-06-24 12:33:49
<==        Row: 200, 510500, 2026-04-29, 8.2400, 8.4360, 8.2340, 8.4220, 8789675, 2026-06-24 12:33:49
<==        Row: 201, 510500, 2026-04-30, 8.4100, 8.4500, 8.3700, 8.4300, 7793619, 2026-06-24 12:33:49
<==        Row: 202, 510500, 2026-05-06, 8.5190, 8.7020, 8.5180, 8.6580, 10254482, 2026-06-24 12:33:49
<==        Row: 203, 510500, 2026-05-07, 8.7020, 8.7780, 8.6690, 8.7710, 12291601, 2026-06-24 12:33:49
<==        Row: 204, 510500, 2026-05-08, 8.7150, 8.7880, 8.6910, 8.7690, 11110986, 2026-06-24 12:33:49
<==        Row: 205, 510500, 2026-05-11, 8.8380, 8.9450, 8.7880, 8.9120, 6608744, 2026-06-24 12:33:49
<==        Row: 206, 510500, 2026-05-12, 8.9200, 8.9270, 8.8210, 8.8620, 5103981, 2026-06-24 12:33:49
<==        Row: 207, 510500, 2026-05-13, 8.8000, 9.0210, 8.8000, 9.0090, 5154451, 2026-06-24 12:33:49
<==        Row: 208, 510500, 2026-05-14, 9.0490, 9.0490, 8.7600, 8.7720, 8902588, 2026-06-24 12:33:49
<==        Row: 209, 510500, 2026-05-15, 8.7600, 8.8090, 8.5530, 8.6120, 13136592, 2026-06-24 12:33:49
<==        Row: 210, 510500, 2026-05-18, 8.5590, 8.6960, 8.5510, 8.6310, 4808791, 2026-06-24 12:33:49
<==        Row: 211, 510500, 2026-05-19, 8.6130, 8.7090, 8.4810, 8.7030, 7097897, 2026-06-24 12:33:49
<==        Row: 212, 510500, 2026-05-20, 8.6520, 8.7600, 8.6260, 8.7480, 5067923, 2026-06-24 12:33:49
<==        Row: 213, 510500, 2026-05-21, 8.8000, 8.8870, 8.4840, 8.5030, 5345049, 2026-06-24 12:33:49
<==        Row: 214, 510500, 2026-05-22, 8.5530, 8.6840, 8.5100, 8.6580, 7929375, 2026-06-24 12:33:49
<==        Row: 215, 510500, 2026-05-25, 8.7080, 8.7900, 8.6190, 8.7860, 6085135, 2026-06-24 12:33:49
<==        Row: 216, 510500, 2026-05-26, 8.7430, 8.7690, 8.6170, 8.7520, 2414019, 2026-06-24 12:33:49
<==        Row: 217, 510500, 2026-05-27, 8.7400, 8.8210, 8.5800, 8.6140, 3302420, 2026-06-24 12:33:49
<==        Row: 218, 510500, 2026-05-28, 8.5750, 8.6940, 8.5060, 8.6490, 3322216, 2026-06-24 12:33:49
<==        Row: 219, 510500, 2026-05-29, 8.6600, 8.6810, 8.3870, 8.4430, 3279447, 2026-06-24 12:33:49
<==        Row: 220, 510500, 2026-06-01, 8.4340, 8.5320, 8.3540, 8.3700, 4083694, 2026-06-24 12:33:49
<==        Row: 221, 510500, 2026-06-02, 8.3680, 8.4800, 8.2380, 8.4060, 4588094, 2026-06-24 12:33:49
<==        Row: 222, 510500, 2026-06-03, 8.4000, 8.5650, 8.3800, 8.4550, 3267377, 2026-06-24 12:33:49
<==        Row: 223, 510500, 2026-06-04, 8.3710, 8.4890, 8.3710, 8.4480, 2959299, 2026-06-24 12:33:49
<==        Row: 224, 510500, 2026-06-05, 8.4150, 8.5000, 8.3140, 8.3390, 4320457, 2026-06-24 12:33:49
<==        Row: 225, 510500, 2026-06-08, 8.1600, 8.2330, 7.9830, 8.0680, 4687884, 2026-06-24 12:33:49
<==        Row: 226, 510500, 2026-06-09, 8.1200, 8.2850, 8.0580, 8.2700, 3622747, 2026-06-24 12:33:49
<==        Row: 227, 510500, 2026-06-10, 8.1840, 8.2400, 8.0780, 8.1710, 2792841, 2026-06-24 12:33:49
<==        Row: 228, 510500, 2026-06-11, 8.1330, 8.1920, 8.0680, 8.1330, 1815580, 2026-06-24 12:33:49
<==        Row: 229, 510500, 2026-06-12, 8.2970, 8.3700, 8.2110, 8.2420, 3133578, 2026-06-24 12:33:49
<==        Row: 230, 510500, 2026-06-15, 8.3220, 8.5500, 8.3120, 8.5440, 7767758, 2026-06-24 12:33:49
<==        Row: 231, 510500, 2026-06-16, 8.5500, 8.6680, 8.5250, 8.6320, 3195350, 2026-06-24 12:33:49
<==        Row: 232, 510500, 2026-06-17, 8.6020, 8.7660, 8.5800, 8.7630, 1986424, 2026-06-24 12:33:49
<==        Row: 233, 510500, 2026-06-18, 8.7260, 8.8630, 8.7220, 8.8280, 2529609, 2026-06-24 12:33:49
<==        Row: 234, 510500, 2026-06-22, 8.8400, 9.0100, 8.7480, 9.0070, 3701087, 2026-06-24 12:33:49
<==        Row: 235, 510500, 2026-06-23, 8.9800, 9.0280, 8.7580, 8.8150, 4233461, 2026-06-24 12:33:49
<==        Row: 236, 510500, 2026-06-24, 8.7760, 8.9020, 8.7560, 8.8880, 1908718, 2026-06-24 12:33:49
<==      Total: 60
Releasing transactional SqlSession [org.apache.ibatis.session.defaults.DefaultSqlSession@1bcb8599]
Fetched SqlSession [org.apache.ibatis.session.defaults.DefaultSqlSession@1bcb8599] from current transaction
==>  Preparing: SELECT * FROM fund_nav WHERE fund_code = ? AND nav_date BETWEEN ? AND ? ORDER BY nav_date ASC
==> Parameters: 159949(String), 2026-03-26(LocalDate), 2026-06-24(LocalDate)
<==    Columns: id, fund_code, nav_date, open_nav, high_nav, low_nav, close_nav, volume, create_time
<==        Row: 295, 159949, 2026-03-26, 1.5650, 1.5860, 1.5450, 1.5490, 7444246, 2026-06-24 12:44:09
<==        Row: 296, 159949, 2026-03-27, 1.5370, 1.5690, 1.5270, 1.5550, 9971208, 2026-06-24 12:44:09
<==        Row: 297, 159949, 2026-03-30, 1.5320, 1.5500, 1.5210, 1.5440, 7672290, 2026-06-24 12:44:09
<==        Row: 298, 159949, 2026-03-31, 1.5420, 1.5480, 1.5010, 1.5030, 8733208, 2026-06-24 12:44:09
<==        Row: 299, 159949, 2026-04-01, 1.5340, 1.5390, 1.5100, 1.5300, 7679074, 2026-06-24 12:44:09
<==        Row: 300, 159949, 2026-04-02, 1.5230, 1.5230, 1.4870, 1.4930, 7386767, 2026-06-24 12:44:09
<==        Row: 301, 159949, 2026-04-03, 1.5070, 1.5100, 1.4850, 1.4850, 4867006, 2026-06-24 12:44:09
<==        Row: 302, 159949, 2026-04-07, 1.4920, 1.5000, 1.4740, 1.4910, 5166538, 2026-06-24 12:44:09
<==        Row: 303, 159949, 2026-04-08, 1.5350, 1.5850, 1.5310, 1.5850, 11352148, 2026-06-24 12:44:09
<==        Row: 304, 159949, 2026-04-09, 1.5700, 1.5800, 1.5600, 1.5720, 6670394, 2026-06-24 12:44:09
<==        Row: 305, 159949, 2026-04-10, 1.5830, 1.6510, 1.5830, 1.6360, 13114834, 2026-06-24 12:44:09
<==        Row: 306, 159949, 2026-04-13, 1.6320, 1.6640, 1.6270, 1.6540, 8709516, 2026-06-24 12:44:09
<==        Row: 307, 159949, 2026-04-14, 1.6690, 1.6980, 1.6620, 1.6980, 10557742, 2026-06-24 12:44:09
<==        Row: 308, 159949, 2026-04-15, 1.7150, 1.7270, 1.6600, 1.6760, 13590534, 2026-06-24 12:44:09
<==        Row: 309, 159949, 2026-04-16, 1.6820, 1.7340, 1.6740, 1.7330, 10321167, 2026-06-24 12:44:09
<==        Row: 310, 159949, 2026-04-17, 1.7450, 1.7650, 1.7300, 1.7620, 9970425, 2026-06-24 12:44:09
<==        Row: 311, 159949, 2026-04-20, 1.7480, 1.7710, 1.7410, 1.7610, 10931088, 2026-06-24 12:44:09
<==        Row: 312, 159949, 2026-04-21, 1.7530, 1.7740, 1.7310, 1.7650, 7994667, 2026-06-24 12:44:09
<==        Row: 313, 159949, 2026-04-22, 1.7560, 1.8100, 1.7560, 1.8050, 10696591, 2026-06-24 12:44:09
<==        Row: 314, 159949, 2026-04-23, 1.8110, 1.8250, 1.7700, 1.7940, 10805449, 2026-06-24 12:44:09
<==        Row: 315, 159949, 2026-04-24, 1.7700, 1.7790, 1.7380, 1.7610, 11313268, 2026-06-24 12:44:09
<==        Row: 316, 159949, 2026-04-27, 1.7660, 1.7700, 1.7400, 1.7480, 7990678, 2026-06-24 12:44:09
<==        Row: 317, 159949, 2026-04-28, 1.7300, 1.7400, 1.7090, 1.7170, 17396148, 2026-06-24 12:44:09
<==        Row: 318, 159949, 2026-04-29, 1.7100, 1.7680, 1.7090, 1.7650, 9855043, 2026-06-24 12:44:09
<==        Row: 319, 159949, 2026-04-30, 1.7710, 1.7840, 1.7490, 1.7590, 10133006, 2026-06-24 12:44:09
<==        Row: 320, 159949, 2026-05-06, 1.7970, 1.8280, 1.7790, 1.8090, 9605782, 2026-06-24 12:44:09
<==        Row: 321, 159949, 2026-05-07, 1.8220, 1.8420, 1.7980, 1.8380, 8324182, 2026-06-24 12:44:09
<==        Row: 322, 159949, 2026-05-08, 1.8220, 1.8420, 1.8150, 1.8210, 7072594, 2026-06-24 12:44:09
<==        Row: 323, 159949, 2026-05-11, 1.8350, 1.8910, 1.8180, 1.8880, 8370147, 2026-06-24 12:44:09
<==        Row: 324, 159949, 2026-05-12, 1.9000, 1.9030, 1.8720, 1.8870, 9806011, 2026-06-24 12:44:09
<==        Row: 325, 159949, 2026-05-13, 1.8720, 1.9500, 1.8710, 1.9440, 10171590, 2026-06-24 12:44:09
<==        Row: 326, 159949, 2026-05-14, 1.9710, 1.9760, 1.8950, 1.9060, 13602961, 2026-06-24 12:44:09
<==        Row: 327, 159949, 2026-05-15, 1.9090, 1.9290, 1.8620, 1.8920, 14820065, 2026-06-24 12:44:09
<==        Row: 328, 159949, 2026-05-18, 1.8730, 1.9090, 1.8700, 1.8870, 11135469, 2026-06-24 12:44:09
<==        Row: 329, 159949, 2026-05-19, 1.8770, 1.8820, 1.8280, 1.8760, 12794657, 2026-06-24 12:44:09
<==        Row: 330, 159949, 2026-05-20, 1.8600, 1.8980, 1.8600, 1.8840, 10348396, 2026-06-24 12:44:09
<==        Row: 331, 159949, 2026-05-21, 1.8980, 1.9320, 1.8380, 1.8400, 13362886, 2026-06-24 12:44:09
<==        Row: 332, 159949, 2026-05-22, 1.8580, 1.9020, 1.8550, 1.8960, 12019429, 2026-06-24 12:44:09
<==        Row: 333, 159949, 2026-05-25, 1.9120, 1.9390, 1.8790, 1.9350, 9842369, 2026-06-24 12:44:09
<==        Row: 334, 159949, 2026-05-26, 1.9230, 1.9600, 1.9210, 1.9540, 10971423, 2026-06-24 12:44:09
<==        Row: 335, 159949, 2026-05-27, 1.9510, 2.0110, 1.9450, 1.9620, 18457059, 2026-06-24 12:44:09
<==        Row: 336, 159949, 2026-05-28, 1.9580, 2.0100, 1.9220, 2.0030, 16152192, 2026-06-24 12:44:09
<==        Row: 337, 159949, 2026-05-29, 2.0100, 2.0250, 1.9510, 1.9650, 18883657, 2026-06-24 12:44:09
<==        Row: 338, 159949, 2026-06-01, 1.9640, 1.9880, 1.9140, 1.9180, 14194216, 2026-06-24 12:44:09
<==        Row: 339, 159949, 2026-06-02, 1.9330, 1.9910, 1.9190, 1.9800, 13724898, 2026-06-24 12:44:09
<==        Row: 340, 159949, 2026-06-03, 1.9950, 2.0680, 1.9860, 2.0170, 14519448, 2026-06-24 12:44:09
<==        Row: 341, 159949, 2026-06-04, 1.9860, 2.0120, 1.9780, 1.9970, 8021733, 2026-06-24 12:44:09
<==        Row: 342, 159949, 2026-06-05, 1.9890, 2.0080, 1.9110, 1.9270, 17788589, 2026-06-24 12:44:09
<==        Row: 343, 159949, 2026-06-08, 1.8550, 1.9010, 1.8390, 1.8520, 19838807, 2026-06-24 12:44:09
<==        Row: 344, 159949, 2026-06-09, 1.8820, 1.9320, 1.8610, 1.9290, 13441852, 2026-06-24 12:44:09
<==        Row: 345, 159949, 2026-06-10, 1.9000, 1.9150, 1.8570, 1.8720, 11819179, 2026-06-24 12:44:09
<==        Row: 346, 159949, 2026-06-11, 1.8690, 1.9010, 1.8160, 1.8480, 10855137, 2026-06-24 12:44:09
<==        Row: 347, 159949, 2026-06-12, 1.8970, 1.8990, 1.8510, 1.8550, 8323885, 2026-06-24 12:44:09
<==        Row: 348, 159949, 2026-06-15, 1.8910, 1.9570, 1.8580, 1.9570, 10562338, 2026-06-24 12:44:09
<==        Row: 349, 159949, 2026-06-16, 1.9640, 2.0080, 1.9600, 1.9860, 7549630, 2026-06-24 12:44:09
<==        Row: 350, 159949, 2026-06-17, 1.9730, 2.0140, 1.9640, 2.0120, 8450599, 2026-06-24 12:44:09
<==        Row: 351, 159949, 2026-06-18, 2.0000, 2.0660, 2.0000, 2.0580, 9989870, 2026-06-24 12:44:09
<==        Row: 352, 159949, 2026-06-22, 2.0610, 2.1120, 2.0470, 2.1120, 14645458, 2026-06-24 12:44:09
<==        Row: 353, 159949, 2026-06-23, 2.1000, 2.1070, 2.0100, 2.0270, 11977306, 2026-06-24 12:44:09
<==        Row: 354, 159949, 2026-06-24, 2.0160, 2.0450, 2.0070, 2.0290, 5437992, 2026-06-24 12:44:09
<==      Total: 60
Releasing transactional SqlSession [org.apache.ibatis.session.defaults.DefaultSqlSession@1bcb8599]
Fetched SqlSession [org.apache.ibatis.session.defaults.DefaultSqlSession@1bcb8599] from current transaction
==>  Preparing: SELECT * FROM fund_nav WHERE fund_code = ? AND nav_date BETWEEN ? AND ? ORDER BY nav_date ASC
==> Parameters: 588000(String), 2026-03-26(LocalDate), 2026-06-24(LocalDate)
<==    Columns: id, fund_code, nav_date, open_nav, high_nav, low_nav, close_nav, volume, create_time
<==        Row: 413, 588000, 2026-03-26, 1.3830, 1.3860, 1.3530, 1.3570, 19585267, 2026-06-24 13:34:14
<==        Row: 414, 588000, 2026-03-27, 1.3340, 1.3790, 1.3320, 1.3700, 22946932, 2026-06-24 13:34:14
<==        Row: 415, 588000, 2026-03-30, 1.3470, 1.3640, 1.3370, 1.3590, 20907750, 2026-06-24 13:34:14
<==        Row: 416, 588000, 2026-03-31, 1.3560, 1.3660, 1.3220, 1.3240, 25732667, 2026-06-24 13:34:14
<==        Row: 417, 588000, 2026-04-01, 1.3540, 1.3720, 1.3500, 1.3690, 30138541, 2026-06-24 13:34:14
<==        Row: 418, 588000, 2026-04-02, 1.3630, 1.3650, 1.3220, 1.3300, 26758063, 2026-06-24 13:34:14
<==        Row: 419, 588000, 2026-04-03, 1.3350, 1.3390, 1.3210, 1.3240, 17516048, 2026-06-24 13:34:14
<==        Row: 420, 588000, 2026-04-07, 1.3300, 1.3550, 1.3270, 1.3420, 22552140, 2026-06-24 13:34:14
<==        Row: 421, 588000, 2026-04-08, 1.3850, 1.4250, 1.3850, 1.4250, 40044889, 2026-06-24 13:34:14
<==        Row: 422, 588000, 2026-04-09, 1.4080, 1.4350, 1.4030, 1.4150, 26955849, 2026-06-24 13:34:14
<==        Row: 423, 588000, 2026-04-10, 1.4340, 1.4570, 1.4340, 1.4370, 25457067, 2026-06-24 13:34:14
<==        Row: 424, 588000, 2026-04-13, 1.4280, 1.4700, 1.4240, 1.4480, 25929381, 2026-06-24 13:34:14
<==        Row: 425, 588000, 2026-04-14, 1.4730, 1.4840, 1.4610, 1.4790, 26318925, 2026-06-24 13:34:14
<==        Row: 426, 588000, 2026-04-15, 1.4910, 1.5090, 1.4740, 1.4820, 30381206, 2026-06-24 13:34:14
<==        Row: 427, 588000, 2026-04-16, 1.4850, 1.5010, 1.4770, 1.4980, 22724962, 2026-06-24 13:34:14
<==        Row: 428, 588000, 2026-04-17, 1.4920, 1.5100, 1.4890, 1.4990, 19717726, 2026-06-24 13:34:14
<==        Row: 429, 588000, 2026-04-20, 1.5000, 1.5290, 1.5000, 1.5270, 24059226, 2026-06-24 13:34:14
<==        Row: 430, 588000, 2026-04-21, 1.5230, 1.5230, 1.4910, 1.5040, 23261832, 2026-06-24 13:34:14
<==        Row: 431, 588000, 2026-04-22, 1.4960, 1.5300, 1.4950, 1.5290, 23622753, 2026-06-24 13:34:14
<==        Row: 432, 588000, 2026-04-23, 1.5430, 1.5450, 1.4940, 1.5080, 25578804, 2026-06-24 13:34:14
<==        Row: 433, 588000, 2026-04-24, 1.5130, 1.5510, 1.4930, 1.5310, 32916929, 2026-06-24 13:34:14
<==        Row: 434, 588000, 2026-04-27, 1.5520, 1.5970, 1.5440, 1.5910, 33052984, 2026-06-24 13:34:14
<==        Row: 435, 588000, 2026-04-28, 1.5790, 1.6080, 1.5590, 1.5680, 23183886, 2026-06-24 13:34:14
<==        Row: 436, 588000, 2026-04-29, 1.5550, 1.5760, 1.5300, 1.5750, 22938789, 2026-06-24 13:34:14
<==        Row: 437, 588000, 2026-04-30, 1.5920, 1.6650, 1.5900, 1.6540, 51410542, 2026-06-24 13:34:14
<==        Row: 438, 588000, 2026-05-06, 1.7190, 1.8120, 1.7090, 1.7440, 43376901, 2026-06-24 13:34:14
<==        Row: 439, 588000, 2026-05-07, 1.7520, 1.7720, 1.7330, 1.7690, 23533728, 2026-06-24 13:34:14
<==        Row: 440, 588000, 2026-05-08, 1.7440, 1.7450, 1.7120, 1.7270, 27678011, 2026-06-24 13:34:14
<==        Row: 441, 588000, 2026-05-11, 1.7770, 1.8200, 1.7580, 1.8110, 37053343, 2026-06-24 13:34:14
<==        Row: 442, 588000, 2026-05-12, 1.8020, 1.8410, 1.7770, 1.8160, 28999405, 2026-06-24 13:34:14
<==        Row: 443, 588000, 2026-05-13, 1.7800, 1.8660, 1.7670, 1.8650, 34174507, 2026-06-24 13:34:14
<==        Row: 444, 588000, 2026-05-14, 1.8840, 1.8980, 1.8140, 1.8150, 34701713, 2026-06-24 13:34:14
<==        Row: 445, 588000, 2026-05-15, 1.8070, 1.8650, 1.7580, 1.7870, 44180704, 2026-06-24 13:34:14
<==        Row: 446, 588000, 2026-05-18, 1.7700, 1.8420, 1.7700, 1.8030, 33138391, 2026-06-24 13:34:14
<==        Row: 447, 588000, 2026-05-19, 1.7870, 1.8720, 1.7590, 1.8710, 37991842, 2026-06-24 13:34:14
<==        Row: 448, 588000, 2026-05-20, 1.8570, 1.9330, 1.8560, 1.9310, 39558656, 2026-06-24 13:34:14
<==        Row: 449, 588000, 2026-05-21, 1.9670, 1.9940, 1.8530, 1.8600, 43811242, 2026-06-24 13:34:14
<==        Row: 450, 588000, 2026-05-22, 1.8730, 1.8990, 1.8400, 1.8870, 31913483, 2026-06-24 13:34:14
<==        Row: 451, 588000, 2026-05-25, 1.8870, 2.0020, 1.8670, 1.9980, 43284249, 2026-06-24 13:34:14
<==        Row: 452, 588000, 2026-05-26, 1.9830, 1.9830, 1.9220, 1.9680, 37234694, 2026-06-24 13:34:14
<==        Row: 453, 588000, 2026-05-27, 1.9720, 2.0030, 1.9050, 1.9110, 38203455, 2026-06-24 13:34:14
<==        Row: 454, 588000, 2026-05-28, 1.8930, 1.9540, 1.8910, 1.9420, 38830391, 2026-06-24 13:34:14
<==        Row: 455, 588000, 2026-05-29, 1.9440, 1.9520, 1.8200, 1.8440, 46204309, 2026-06-24 13:34:14
<==        Row: 456, 588000, 2026-06-01, 1.8410, 1.8500, 1.7510, 1.7540, 41950165, 2026-06-24 13:34:14
<==        Row: 457, 588000, 2026-06-02, 1.7560, 1.8030, 1.7280, 1.7810, 35626927, 2026-06-24 13:34:14
<==        Row: 458, 588000, 2026-06-03, 1.7880, 1.8720, 1.7840, 1.8230, 41060877, 2026-06-24 13:34:14
<==        Row: 459, 588000, 2026-06-04, 1.7940, 1.8560, 1.7890, 1.8320, 22853730, 2026-06-24 13:34:14
<==        Row: 460, 588000, 2026-06-05, 1.8010, 1.8290, 1.7500, 1.7630, 30367655, 2026-06-24 13:34:14
<==        Row: 461, 588000, 2026-06-08, 1.6900, 1.7250, 1.6650, 1.6830, 38792519, 2026-06-24 13:34:14
<==        Row: 462, 588000, 2026-06-09, 1.7210, 1.7600, 1.6960, 1.7550, 28793746, 2026-06-24 13:34:14
<==        Row: 463, 588000, 2026-06-10, 1.7480, 1.8180, 1.7240, 1.7440, 33172350, 2026-06-24 13:34:14
<==        Row: 464, 588000, 2026-06-11, 1.7270, 1.7710, 1.7230, 1.7560, 26617707, 2026-06-24 13:34:14
<==        Row: 465, 588000, 2026-06-12, 1.8250, 1.8280, 1.7510, 1.7560, 32648313, 2026-06-24 13:34:14
<==        Row: 466, 588000, 2026-06-15, 1.7820, 1.8450, 1.7500, 1.8440, 30014794, 2026-06-24 13:34:14
<==        Row: 467, 588000, 2026-06-16, 1.8450, 1.8630, 1.8230, 1.8550, 25442446, 2026-06-24 13:34:14
<==        Row: 468, 588000, 2026-06-17, 1.8280, 1.9400, 1.8190, 1.9390, 34743070, 2026-06-24 13:34:14
<==        Row: 469, 588000, 2026-06-18, 1.9350, 2.0420, 1.9320, 2.0170, 40816717, 2026-06-24 13:34:14
<==        Row: 470, 588000, 2026-06-22, 2.0260, 2.0700, 1.9810, 2.0560, 36095738, 2026-06-24 13:34:14
<==        Row: 471, 588000, 2026-06-23, 2.0400, 2.0900, 1.9920, 2.0230, 36431581, 2026-06-24 13:34:14
<==        Row: 472, 588000, 2026-06-24, 2.0000, 2.1040, 1.9870, 2.0980, 33492568, 2026-06-24 13:34:14
<==      Total: 60
Releasing transactional SqlSession [org.apache.ibatis.session.defaults.DefaultSqlSession@1bcb8599]
Fetched SqlSession [org.apache.ibatis.session.defaults.DefaultSqlSession@1bcb8599] from current transaction
==>  Preparing: SELECT * FROM fund_nav WHERE fund_code = ? AND nav_date BETWEEN ? AND ? ORDER BY nav_date ASC
==> Parameters: 512480(String), 2026-03-26(LocalDate), 2026-06-24(LocalDate)
<==    Columns: id, fund_code, nav_date, open_nav, high_nav, low_nav, close_nav, volume, create_time
<==        Row: 1357, 512480, 2026-03-26, 1.4800, 1.4850, 1.4490, 1.4530, 6597208, 2026-06-24 13:37:50
<==        Row: 1358, 512480, 2026-03-27, 1.4280, 1.4790, 1.4210, 1.4680, 6244796, 2026-06-24 13:37:50
<==        Row: 1359, 512480, 2026-03-30, 1.4400, 1.4730, 1.4330, 1.4670, 6281802, 2026-06-24 13:37:50
<==        Row: 1360, 512480, 2026-03-31, 1.4550, 1.4600, 1.4130, 1.4150, 8498198, 2026-06-24 13:37:50
<==        Row: 1361, 512480, 2026-04-01, 1.4550, 1.4660, 1.4420, 1.4580, 8851075, 2026-06-24 13:37:50
<==        Row: 1362, 512480, 2026-04-02, 1.4530, 1.4550, 1.4040, 1.4130, 7711924, 2026-06-24 13:37:50
<==        Row: 1363, 512480, 2026-04-03, 1.4200, 1.4300, 1.4080, 1.4130, 5175092, 2026-06-24 13:37:50
<==        Row: 1364, 512480, 2026-04-07, 1.4170, 1.4500, 1.4170, 1.4370, 6988137, 2026-06-24 13:37:50
<==        Row: 1365, 512480, 2026-04-08, 1.4820, 1.5330, 1.4820, 1.5310, 10290859, 2026-06-24 13:37:50
<==        Row: 1366, 512480, 2026-04-09, 1.5130, 1.5500, 1.5050, 1.5320, 8052903, 2026-06-24 13:37:50
<==        Row: 1367, 512480, 2026-04-10, 1.5560, 1.5800, 1.5550, 1.5610, 7789697, 2026-06-24 13:37:50
<==        Row: 1368, 512480, 2026-04-13, 1.5480, 1.5950, 1.5480, 1.5660, 6822983, 2026-06-24 13:37:50
<==        Row: 1369, 512480, 2026-04-14, 1.5900, 1.6160, 1.5870, 1.6080, 8288641, 2026-06-24 13:37:50
<==        Row: 1370, 512480, 2026-04-15, 1.6210, 1.6340, 1.5900, 1.5980, 7797838, 2026-06-24 13:37:50
[...]
<==        Row: 1732, 159263, 2026-04-23, 1.1800, 1.1870, 1.1750, 1.1860, 1788138, 2026-06-24 19:16:11
<==        Row: 1733, 159263, 2026-04-24, 1.1860, 1.1860, 1.1780, 1.1830, 1128630, 2026-06-24 19:16:11
<==        Row: 1734, 159263, 2026-04-27, 1.1830, 1.1860, 1.1770, 1.1770, 1295818, 2026-06-24 19:16:11
<==        Row: 1735, 159263, 2026-04-28, 1.1790, 1.1900, 1.1760, 1.1880, 1967325, 2026-06-24 19:16:11
<==        Row: 1736, 159263, 2026-04-29, 1.1930, 1.2020, 1.1890, 1.1990, 2310335, 2026-06-24 19:16:11
<==        Row: 1737, 159263, 2026-04-30, 1.2010, 1.2040, 1.1920, 1.1940, 1474531, 2026-06-24 19:16:11
<==        Row: 1738, 159263, 2026-05-06, 1.1940, 1.1940, 1.1790, 1.1900, 2934012, 2026-06-24 19:16:11
<==        Row: 1739, 159263, 2026-05-07, 1.1890, 1.1890, 1.1760, 1.1770, 2671950, 2026-06-24 19:16:11
<==        Row: 1740, 159263, 2026-05-08, 1.1780, 1.1790, 1.1710, 1.1740, 947349, 2026-06-24 19:16:11
<==        Row: 1741, 159263, 2026-05-11, 1.1730, 1.1840, 1.1700, 1.1780, 2635633, 2026-06-24 19:16:11
<==        Row: 1742, 159263, 2026-05-12, 1.1790, 1.1800, 1.1700, 1.1710, 1453042, 2026-06-24 19:16:11
<==        Row: 1743, 159263, 2026-05-13, 1.1690, 1.1760, 1.1680, 1.1730, 1004999, 2026-06-24 19:16:11
<==        Row: 1744, 159263, 2026-05-14, 1.1720, 1.1780, 1.1690, 1.1690, 1751460, 2026-06-24 19:16:11
<==        Row: 1745, 159263, 2026-05-15, 1.1700, 1.1770, 1.1500, 1.1660, 1568244, 2026-06-24 19:16:11
<==        Row: 1746, 159263, 2026-05-18, 1.1640, 1.1710, 1.1560, 1.1610, 1321117, 2026-06-24 19:16:11
<==        Row: 1747, 159263, 2026-05-19, 1.1570, 1.1660, 1.1570, 1.1640, 1667496, 2026-06-24 19:16:11
<==        Row: 1748, 159263, 2026-05-20, 1.1620, 1.1620, 1.1520, 1.1560, 1129160, 2026-06-24 19:16:11
<==        Row: 1749, 159263, 2026-05-21, 1.1570, 1.1610, 1.1420, 1.1430, 1415734, 2026-06-24 19:16:11
<==        Row: 1750, 159263, 2026-05-22, 1.1430, 1.1460, 1.1340, 1.1400, 1666695, 2026-06-24 19:16:11
<==        Row: 1751, 159263, 2026-05-25, 1.1390, 1.1470, 1.1360, 1.1400, 1683440, 2026-06-24 19:16:11
<==        Row: 1752, 159263, 2026-05-26, 1.1400, 1.1440, 1.1350, 1.1440, 1225131, 2026-06-24 19:16:11
<==        Row: 1753, 159263, 2026-05-27, 1.1440, 1.1450, 1.1270, 1.1370, 2566724, 2026-06-24 19:16:11
<==        Row: 1754, 159263, 2026-05-28, 1.1350, 1.1390, 1.1290, 1.1330, 3476401, 2026-06-24 19:16:11
<==        Row: 1755, 159263, 2026-05-29, 1.1320, 1.1540, 1.1280, 1.1520, 4391870, 2026-06-24 19:16:11
<==        Row: 1756, 159263, 2026-06-01, 1.1520, 1.1620, 1.1450, 1.1600, 2632869, 2026-06-24 19:16:11
<==        Row: 1757, 159263, 2026-06-02, 1.1610, 1.1640, 1.1530, 1.1610, 2941269, 2026-06-24 19:16:11
<==        Row: 1758, 159263, 2026-06-03, 1.1540, 1.1600, 1.1480, 1.1570, 2166812, 2026-06-24 19:16:11
<==        Row: 1759, 159263, 2026-06-04, 1.1570, 1.1570, 1.1430, 1.1460, 1208292, 2026-06-24 19:16:11
<==        Row: 1760, 159263, 2026-06-05, 1.1450, 1.1600, 1.1400, 1.1430, 1288481, 2026-06-24 19:16:11
<==        Row: 1761, 159263, 2026-06-08, 1.1350, 1.1450, 1.1330, 1.1380, 2555482, 2026-06-24 19:16:11
<==        Row: 1762, 159263, 2026-06-09, 1.1380, 1.1380, 1.1270, 1.1320, 2492972, 2026-06-24 19:16:11
<==        Row: 1763, 159263, 2026-06-10, 1.1320, 1.1350, 1.1210, 1.1320, 2409795, 2026-06-24 19:16:11
<==        Row: 1764, 159263, 2026-06-11, 1.1320, 1.1370, 1.1280, 1.1360, 5393930, 2026-06-24 19:16:11
<==        Row: 1765, 159263, 2026-06-12, 1.1360, 1.1440, 1.1280, 1.1430, 1795471, 2026-06-24 19:16:11
<==        Row: 1766, 159263, 2026-06-15, 1.1430, 1.1440, 1.1280, 1.1330, 6800018, 2026-06-24 19:16:11
<==        Row: 1767, 159263, 2026-06-16, 1.1310, 1.1320, 1.1060, 1.1100, 4667254, 2026-06-24 19:16:11
<==        Row: 1768, 159263, 2026-06-17, 1.1100, 1.1100, 1.0960, 1.1000, 4987905, 2026-06-24 19:16:11
<==        Row: 1769, 159263, 2026-06-18, 1.0990, 1.0990, 1.0740, 1.0800, 2233052, 2026-06-24 19:16:11
<==        Row: 1770, 159263, 2026-06-22, 1.0770, 1.0970, 1.0680, 1.0940, 2230802, 2026-06-24 19:16:11
<==        Row: 1771, 159263, 2026-06-23, 1.0940, 1.1070, 1.0790, 1.0820, 2597215, 2026-06-24 19:16:11
<==        Row: 1419, 159263, 2026-06-24, 1.0780, 1.0820, 1.0640, 1.0650, 231900854, 2026-06-24 18:47:50
<==      Total: 60
Releasing transactional SqlSession [org.apache.ibatis.session.defaults.DefaultSqlSession@1bcb8599]
Fetched SqlSession [org.apache.ibatis.session.defaults.DefaultSqlSession@1bcb8599] from current transaction
==>  Preparing: SELECT * FROM fund_nav WHERE fund_code = ? AND nav_date BETWEEN ? AND ? ORDER BY nav_date ASC
==> Parameters: 159562(String), 2026-03-26(LocalDate), 2026-06-24(LocalDate)
<==    Columns: id, fund_code, nav_date, open_nav, high_nav, low_nav, close_nav, volume, create_time
<==        Row: 1420, 159562, 2026-06-24, 1.8250, 1.8730, 1.8180, 1.8630, 87120300, 2026-06-24 19:11:44
<==      Total: 1
Releasing transactional SqlSession [org.apache.ibatis.session.defaults.DefaultSqlSession@1bcb8599]
Fetched SqlSession [org.apache.ibatis.session.defaults.DefaultSqlSession@1bcb8599] from current transaction
==>  Preparing: SELECT * FROM fund_nav WHERE fund_code = ? AND nav_date BETWEEN ? AND ? ORDER BY nav_date ASC
==> Parameters: 161226(String), 2026-03-26(LocalDate), 2026-06-24(LocalDate)
<==    Columns: id, fund_code, nav_date, open_nav, high_nav, low_nav, close_nav, volume, create_time
<==        Row: 1772, 161226, 2026-06-24, 1.8300, 1.8790, 1.8270, 1.8730, 103882024, 2026-06-24 19:28:50
<==      Total: 1
Releasing transactional SqlSession [org.apache.ibatis.session.defaults.DefaultSqlSession@1bcb8599]
Fetched SqlSession [org.apache.ibatis.session.defaults.DefaultSqlSession@1bcb8599] from current transaction
==>  Preparing: SELECT * FROM fund_nav WHERE fund_code = ? AND nav_date BETWEEN ? AND ? ORDER BY nav_date ASC
==> Parameters: 561360(String), 2026-03-26(LocalDate), 2026-06-24(LocalDate)
<==    Columns: id, fund_code, nav_date, open_nav, high_nav, low_nav, close_nav, volume, create_time
<==        Row: 1773, 561360, 2026-06-24, 1.4250, 1.4520, 1.4250, 1.4470, 45607832, 2026-06-24 19:28:50
<==      Total: 1
Releasing transactional SqlSession [org.apache.ibatis.session.defaults.DefaultSqlSession@1bcb8599]
Fetched SqlSession [org.apache.ibatis.session.defaults.DefaultSqlSession@1bcb8599] from current transaction
==>  Preparing: SELECT * FROM fund_nav WHERE fund_code = ? AND nav_date BETWEEN ? AND ? ORDER BY nav_date ASC
==> Parameters: 000852(String), 2026-01-25(LocalDate), 2026-06-24(LocalDate)
<==    Columns: id, fund_code, nav_date, open_nav, high_nav, low_nav, close_nav, volume, create_time
<==        Row: 1202, 000852, 2026-01-26, 8.0200, 8.1800, 7.9900, 8.0800, 371460, 2026-06-24 13:34:17
<==        Row: 1203, 000852, 2026-01-27, 8.0500, 8.2900, 7.8900, 8.2000, 401535, 2026-06-24 13:34:17
<==        Row: 1204, 000852, 2026-01-28, 8.2100, 8.4100, 8.1200, 8.3000, 453709, 2026-06-24 13:34:17
<==        Row: 1205, 000852, 2026-01-29, 8.2200, 8.4300, 8.1500, 8.2200, 431120, 2026-06-24 13:34:17
<==        Row: 1206, 000852, 2026-01-30, 8.1700, 8.3000, 7.8800, 8.1000, 488030, 2026-06-24 13:34:17
<==        Row: 1207, 000852, 2026-02-02, 7.8800, 8.0100, 7.6800, 7.7400, 301544, 2026-06-24 13:34:17
<==        Row: 1208, 000852, 2026-02-03, 7.8200, 7.9400, 7.7000, 7.9000, 202364, 2026-06-24 13:34:17
<==        Row: 1209, 000852, 2026-02-04, 7.9000, 8.4700, 7.8500, 8.3300, 544132, 2026-06-24 13:34:17
<==        Row: 1210, 000852, 2026-02-05, 8.1000, 8.2700, 8.0100, 8.0600, 317564, 2026-06-24 13:34:17
<==        Row: 1211, 000852, 2026-02-06, 7.9500, 8.1700, 7.8100, 8.0600, 232557, 2026-06-24 13:34:17
<==        Row: 1212, 000852, 2026-02-09, 8.0900, 8.1400, 7.9600, 8.0200, 181847, 2026-06-24 13:34:17
<==        Row: 1213, 000852, 2026-02-10, 8.0200, 8.1200, 7.9400, 7.9600, 183393, 2026-06-24 13:34:17
<==        Row: 1214, 000852, 2026-02-11, 7.9200, 7.9900, 7.9000, 7.9500, 122868, 2026-06-24 13:34:17
<==        Row: 1215, 000852, 2026-02-12, 7.9300, 8.0200, 7.7900, 7.8800, 175667, 2026-06-24 13:34:17
<==        Row: 1216, 000852, 2026-02-13, 7.8200, 7.8600, 7.6800, 7.7000, 186142, 2026-06-24 13:34:17
<==        Row: 1217, 000852, 2026-02-24, 7.8300, 8.1500, 7.8300, 8.0900, 396138, 2026-06-24 13:34:17
<==        Row: 1218, 000852, 2026-02-25, 8.0900, 8.2200, 8.0200, 8.1300, 273755, 2026-06-24 13:34:17
<==        Row: 1219, 000852, 2026-02-26, 8.1000, 8.2400, 8.0400, 8.0800, 139194, 2026-06-24 13:34:17
<==        Row: 1220, 000852, 2026-02-27, 8.0700, 8.4300, 8.0300, 8.3800, 329590, 2026-06-24 13:34:17
<==        Row: 1221, 000852, 2026-03-02, 8.5900, 8.7500, 8.3600, 8.7200, 958154, 2026-06-24 13:34:17
<==        Row: 1222, 000852, 2026-03-03, 8.6400, 9.5800, 8.4400, 8.9800, 1428775, 2026-06-24 13:34:17
<==        Row: 1223, 000852, 2026-03-04, 8.7600, 9.1800, 8.5000, 9.0200, 1078779, 2026-06-24 13:34:17
<==        Row: 1224, 000852, 2026-03-05, 8.8800, 9.2500, 8.8300, 9.0800, 779144, 2026-06-24 13:34:17
<==        Row: 1225, 000852, 2026-03-06, 8.9900, 9.1100, 8.6400, 8.7000, 569287, 2026-06-24 13:34:17
<==        Row: 1226, 000852, 2026-03-09, 9.1800, 9.4500, 8.3600, 8.4100, 802450, 2026-06-24 13:34:17
<==        Row: 1227, 000852, 2026-03-10, 8.1300, 8.2200, 7.9700, 8.0900, 526944, 2026-06-24 13:34:17
<==        Row: 1228, 000852, 2026-03-11, 8.0200, 8.0600, 7.7800, 7.9700, 440405, 2026-06-24 13:34:17
<==        Row: 1229, 000852, 2026-03-12, 8.0800, 8.4400, 7.9300, 8.1500, 582234, 2026-06-24 13:34:17
<==        Row: 1230, 000852, 2026-03-13, 8.2200, 8.3400, 7.9600, 8.0100, 366219, 2026-06-24 13:34:17
<==        Row: 1231, 000852, 2026-03-16, 8.1200, 8.2400, 7.8500, 7.8900, 284162, 2026-06-24 13:34:17
<==        Row: 1232, 000852, 2026-03-17, 7.9900, 8.0900, 7.6700, 7.7000, 280817, 2026-06-24 13:34:17
<==        Row: 1233, 000852, 2026-03-18, 7.7000, 7.7400, 7.4700, 7.5800, 227509, 2026-06-24 13:34:17
<==        Row: 1234, 000852, 2026-03-19, 7.7500, 7.8000, 7.3900, 7.4400, 264735, 2026-06-24 13:34:17
<==        Row: 1235, 000852, 2026-03-20, 7.3800, 7.4400, 7.1400, 7.1700, 306666, 2026-06-24 13:34:17
<==        Row: 1236, 000852, 2026-03-23, 7.0800, 7.0900, 6.7100, 6.7600, 303614, 2026-06-24 13:34:17
<==        Row: 1237, 000852, 2026-03-24, 6.8900, 6.9800, 6.7200, 6.9600, 267954, 2026-06-24 13:34:17
<==        Row: 1238, 000852, 2026-03-25, 7.0100, 7.1500, 6.8600, 7.1100, 236893, 2026-06-24 13:34:17
<==        Row: 1239, 000852, 2026-03-26, 7.0900, 7.1400, 6.8900, 6.9100, 208101, 2026-06-24 13:34:17
<==        Row: 1240, 000852, 2026-03-27, 6.8400, 7.0800, 6.7800, 7.0400, 168809, 2026-06-24 13:34:17
<==        Row: 1241, 000852, 2026-03-30, 7.0300, 7.0800, 6.9000, 7.0100, 152928, 2026-06-24 13:34:17
<==        Row: 1242, 000852, 2026-03-31, 6.9900, 7.0900, 6.9000, 6.9000, 137869, 2026-06-24 13:34:17
<==        Row: 1243, 000852, 2026-04-01, 6.9900, 7.0300, 6.9200, 6.9800, 127081, 2026-06-24 13:34:17
<==        Row: 1244, 000852, 2026-04-02, 6.9400, 7.3800, 6.9300, 7.1400, 436238, 2026-06-24 13:34:17
<==        Row: 1245, 000852, 2026-04-03, 7.0600, 7.1300, 6.7800, 6.8200, 307647, 2026-06-24 13:34:17
<==        Row: 1246, 000852, 2026-04-07, 6.8400, 7.0000, 6.7100, 6.9800, 169027, 2026-06-24 13:34:17
<==        Row: 1247, 000852, 2026-04-08, 7.0100, 7.1000, 6.9100, 7.0900, 198217, 2026-06-24 13:34:17
<==        Row: 1248, 000852, 2026-04-09, 7.0500, 7.1000, 6.9500, 6.9900, 121368, 2026-06-24 13:34:17
<==        Row: 1249, 000852, 2026-04-10, 7.0000, 7.1100, 7.0000, 7.0600, 113838, 2026-06-24 13:34:17
<==        Row: 1250, 000852, 2026-04-13, 7.0700, 7.1000, 6.9300, 7.0700, 122943, 2026-06-24 13:34:17
<==        Row: 1251, 000852, 2026-04-14, 7.0700, 7.1000, 6.9200, 6.9800, 154791, 2026-06-24 13:34:17
<==        Row: 1252, 000852, 2026-04-15, 6.9700, 6.9900, 6.8500, 6.8600, 124651, 2026-06-24 13:34:17
<==        Row: 1253, 000852, 2026-04-16, 6.8600, 6.9000, 6.7800, 6.8700, 125712, 2026-06-24 13:34:17
<==        Row: 1254, 000852, 2026-04-17, 6.8300, 6.8600, 6.7000, 6.7300, 155470, 2026-06-24 13:34:17
<==        Row: 1255, 000852, 2026-04-20, 6.7000, 6.8800, 6.7000, 6.8700, 122986, 2026-06-24 13:34:17
<==        Row: 1256, 000852, 2026-04-21, 6.8700, 7.3700, 6.8300, 7.2300, 435922, 2026-06-24 13:34:17
<==        Row: 1257, 000852, 2026-04-22, 7.2300, 7.2500, 7.0600, 7.1700, 191637, 2026-06-24 13:34:17
<==        Row: 1258, 000852, 2026-04-23, 7.1400, 7.3000, 7.1400, 7.2800, 193785, 2026-06-24 13:34:17
<==        Row: 1259, 000852, 2026-04-24, 7.1200, 7.2600, 6.9000, 7.1400, 211501, 2026-06-24 13:34:17
<==        Row: 1260, 000852, 2026-04-27, 7.1800, 7.3400, 7.0500, 7.3000, 173745, 2026-06-24 13:34:17
<==        Row: 1261, 000852, 2026-04-28, 7.2500, 7.3400, 7.1200, 7.2100, 123431, 2026-06-24 13:34:17
<==        Row: 1262, 000852, 2026-04-29, 7.1600, 7.2800, 7.1600, 7.2100, 107663, 2026-06-24 13:34:17
<==        Row: 1263, 000852, 2026-04-30, 7.2200, 7.3200, 7.2000, 7.2700, 127574, 2026-06-24 13:34:17
<==        Row: 1264, 000852, 2026-05-06, 7.2400, 7.2900, 7.1400, 7.2400, 127965, 2026-06-24 13:34:17
<==        Row: 1265, 000852, 2026-05-07, 7.2200, 7.3800, 7.1600, 7.2600, 199058, 2026-06-24 13:34:17
<==        Row: 1266, 000852, 2026-05-08, 7.2100, 7.3000, 7.1700, 7.2700, 119667, 2026-06-24 13:34:17
<==        Row: 1267, 000852, 2026-05-11, 7.3000, 7.4100, 7.2500, 7.3100, 146961, 2026-06-24 13:34:17
<==        Row: 1268, 000852, 2026-05-12, 7.2900, 7.5500, 7.1700, 7.2100, 228655, 2026-06-24 13:34:17
<==        Row: 1269, 000852, 2026-05-13, 7.2100, 7.3200, 7.1600, 7.2300, 146741, 2026-06-24 13:34:17
<==        Row: 1270, 000852, 2026-05-14, 7.2500, 7.3000, 7.1800, 7.1800, 150319, 2026-06-24 13:34:17
<==        Row: 1271, 000852, 2026-05-15, 7.1800, 7.2300, 6.9600, 7.0100, 152655, 2026-06-24 13:34:17
<==        Row: 1272, 000852, 2026-05-18, 7.0200, 7.1600, 6.8600, 7.1100, 151538, 2026-06-24 13:34:17
<==        Row: 1273, 000852, 2026-05-19, 7.0600, 7.1400, 6.9300, 7.0100, 136859, 2026-06-24 13:34:17
<==        Row: 1274, 000852, 2026-05-20, 7.0000, 7.0500, 6.9000, 6.9100, 99326, 2026-06-24 13:34:17
<==        Row: 1275, 000852, 2026-05-21, 6.9100, 6.9500, 6.3200, 6.3700, 298079, 2026-06-24 13:34:17
<==        Row: 1276, 000852, 2026-05-22, 6.4200, 6.4600, 6.2500, 6.3900, 161667, 2026-06-24 13:34:17
<==        Row: 1277, 000852, 2026-05-25, 6.3500, 6.4300, 6.1800, 6.2700, 139601, 2026-06-24 13:34:17
<==        Row: 1278, 000852, 2026-05-26, 6.1900, 6.2300, 6.0000, 6.0900, 160385, 2026-06-24 13:34:17
<==        Row: 1279, 000852, 2026-05-27, 6.1700, 6.1700, 5.8300, 5.9000, 157570, 2026-06-24 13:34:17
<==        Row: 1280, 000852, 2026-05-28, 5.8800, 6.0400, 5.8500, 5.9800, 117561, 2026-06-24 13:34:17
<==        Row: 1281, 000852, 2026-05-29, 5.9800, 6.0300, 5.8300, 5.8600, 95115, 2026-06-24 13:34:17
<==        Row: 1282, 000852, 2026-06-01, 5.8600, 6.0200, 5.8000, 5.9700, 127590, 2026-06-24 13:34:17
<==        Row: 1283, 000852, 2026-06-02, 5.9800, 6.0100, 5.7500, 5.8100, 126950, 2026-06-24 13:34:17
<==        Row: 1284, 000852, 2026-06-03, 5.7700, 5.8900, 5.7500, 5.8700, 94115, 2026-06-24 13:34:17
<==        Row: 1285, 000852, 2026-06-04, 5.8600, 5.8600, 5.6500, 5.7200, 101846, 2026-06-24 13:34:17
<==        Row: 1286, 000852, 2026-06-05, 5.7200, 5.8300, 5.6600, 5.7600, 114190, 2026-06-24 13:34:17
<==        Row: 1287, 000852, 2026-06-08, 5.7000, 5.8000, 5.6000, 5.6700, 140444, 2026-06-24 13:34:17
<==        Row: 1288, 000852, 2026-06-09, 5.7000, 5.7200, 5.5200, 5.6100, 101215, 2026-06-24 13:34:17
<==        Row: 1289, 000852, 2026-06-10, 5.5700, 5.6400, 5.4600, 5.5000, 98625, 2026-06-24 13:34:17
<==        Row: 1290, 000852, 2026-06-11, 5.5500, 5.6200, 5.4500, 5.5300, 100139, 2026-06-24 13:34:17
<==        Row: 1291, 000852, 2026-06-12, 5.5500, 5.7100, 5.5000, 5.6700, 133495, 2026-06-24 13:34:17
<==        Row: 1292, 000852, 2026-06-15, 5.6700, 5.7600, 5.6000, 5.6600, 123932, 2026-06-24 13:34:17
<==        Row: 1293, 000852, 2026-06-16, 5.6700, 5.8200, 5.5800, 5.7200, 123944, 2026-06-24 13:34:17
<==        Row: 1294, 000852, 2026-06-17, 5.7800, 5.9100, 5.5700, 5.6000, 130539, 2026-06-24 13:34:17
<==        Row: 1295, 000852, 2026-06-18, 5.5900, 5.6400, 5.5100, 5.5500, 79037, 2026-06-24 13:34:17
<==        Row: 1296, 000852, 2026-06-22, 5.5100, 5.5400, 5.2800, 5.4600, 146974, 2026-06-24 13:34:17
<==        Row: 1297, 000852, 2026-06-23, 5.4400, 5.5900, 5.4100, 5.4400, 93577, 2026-06-24 13:34:17
<==        Row: 1298, 000852, 2026-06-24, 5.4800, 5.4800, 5.2000, 5.2500, 90606, 2026-06-24 13:34:17
<==      Total: 97
Releasing transactional SqlSession [org.apache.ibatis.session.defaults.DefaultSqlSession@1bcb8599]
2026-06-24T19:34:16.381+08:00  INFO 21086 --- [fund-momentum-strategy] [           main] c.h.c.a.s.StrategyExecutionAppService    : Market status on 2026-06-24: STRONG
Fetched SqlSession [org.apache.ibatis.session.defaults.DefaultSqlSession@1bcb8599] from current transaction
Releasing transactional SqlSession [org.apache.ibatis.session.defaults.DefaultSqlSession@1bcb8599]
Fetched SqlSession [org.apache.ibatis.session.defaults.DefaultSqlSession@1bcb8599] from current transaction
==>  Preparing: INSERT INTO strategy_result ( trade_date, strategy_type, market_status, total_weight ) VALUES ( ?, ?, ?, ? )
==> Parameters: 2026-06-24(LocalDate), BALANCED(String), STRONG(String), 0(BigDecimal)
<==    Updates: 1
Releasing transactional SqlSession [org.apache.ibatis.session.defaults.DefaultSqlSession@1bcb8599]
Fetched SqlSession [org.apache.ibatis.session.defaults.DefaultSqlSession@1bcb8599] from current transaction
==>  Preparing: INSERT INTO strategy_result ( trade_date, strategy_type, market_status, total_weight ) VALUES ( ?, ?, ?, ? )
==> Parameters: 2026-06-24(LocalDate), ACTIVE(String), STRONG(String), 0.3000000000(BigDecimal)
<==    Updates: 1
Releasing transactional SqlSession [org.apache.ibatis.session.defaults.DefaultSqlSession@1bcb8599]
Fetched SqlSession [org.apache.ibatis.session.defaults.DefaultSqlSession@1bcb8599] from current transaction
==>  Preparing: INSERT INTO strategy_position ( result_id, fund_code, fund_name, weight, source_strategy, reason ) VALUES ( ?, ?, ?, ?, ?, ? )
==> Parameters: 70(Long), 159516(String), 半导体设备ETF国泰(String), 0.1455399000(BigDecimal), ACTIVE(String), 动量30.98%，上涨占比80.0%，波动0.0289，收盘1.6530 > MA1.3348(String)
<==    Updates: 1
Releasing transactional SqlSession [org.apache.ibatis.session.defaults.DefaultSqlSession@1bcb8599]
Fetched SqlSession [org.apache.ibatis.session.defaults.DefaultSqlSession@1bcb8599] from current transaction
==>  Preparing: INSERT INTO strategy_position ( result_id, fund_code, fund_name, weight, source_strategy, reason ) VALUES ( ?, ?, ?, ?, ?, ? )
==> Parameters: 70(Long), 512480(String), 半导体ETF(String), 0.1544601000(BigDecimal), ACTIVE(String), 动量25.37%，上涨占比70.0%，波动0.0273，收盘2.6440 > MA2.2390(String)
<==    Updates: 1
Releasing transactional SqlSession [org.apache.ibatis.session.defaults.DefaultSqlSession@1bcb8599]
2026-06-24T19:34:16.393+08:00  INFO 21086 --- [fund-momentum-strategy] [           main] c.h.c.a.s.StrategyExecutionAppService    : Strategy execution completed. Sub-results: 2
Transaction synchronization committing SqlSession [org.apache.ibatis.session.defaults.DefaultSqlSession@1bcb8599]
Transaction synchronization deregistering SqlSession [org.apache.ibatis.session.defaults.DefaultSqlSession@1bcb8599]
Transaction synchronization closing SqlSession [org.apache.ibatis.session.defaults.DefaultSqlSession@1bcb8599]
]]></system-out>
    <system-err><![CDATA[WARNING: A Java agent has been loaded dynamically (/Users/hanfugui/.m2/repository/net/bytebuddy/byte-buddy-agent/1.14.10/byte-buddy-agent-1.14.10.jar)
WARNING: If a serviceability tool is in use, please run with -XX:+EnableDynamicAgentLoading to hide this warning
WARNING: If a serviceability tool is not in use, please run with -Djdk.instrument.traceUsage for more information
WARNING: Dynamic loading of agents will be disallowed by default in a future release
]]></system-err>
  </testcase>
</testsuite>