<?xml version="1.0" encoding="UTF-8"?>
<testsuite xmlns:xsi="http://www.w3.org/2001/XMLSchema-instance" xsi:noNamespaceSchemaLocation="https://maven.apache.org/surefire/maven-surefire-plugin/xsd/surefire-test-report-3.0.xsd" version="3.0" name="com.hacker.code.application.service.BacktestAppServiceTest" time="0.209" tests="1" errors="0" skipped="0" failures="0">
  <properties>
[...]
</properties>
  <testcase name="shouldRunBacktestWithTwoPeriods" classname="com.hacker.code.application.service.BacktestAppServiceTest" time="0.207">
    <system-out><![CDATA[2026-06-24T13:07:03.978+08:00  INFO 17341 --- [fund-momentum-strategy] [           main] c.h.c.a.service.BacktestAppService       : Running backtest from 2024-01-05 to 2024-01-19
2026-06-24T13:07:03.980+08:00  INFO 17341 --- [fund-momentum-strategy] [           main] c.h.c.a.service.BacktestAppService       : Backtest completed. Weeks: 2, Final NAV: 1.1000000025000000, Annual return: 10.918177241983138, Max drawdown: 0, Sharpe: 1268.25923459
]]></system-out>
  </testcase>
</testsuite>